2024-01-04 00:45:05,721 - [Crafty] - INFO     - __main__ - ***** Crafty Controller Started *****
2024-01-04 00:45:05,722 - [Crafty] - INFO     - app.classes.shared.migration - Starting migrations
2024-01-04 00:45:05,726 - [Crafty] - INFO     - app.classes.shared.migration - There is nothing to migrate
2024-01-04 00:45:05,753 - [Crafty] - INFO     - __main__ - Initializing all servers defined
2024-01-04 00:45:05,753 - [Crafty] - INFO     - app.classes.shared.helpers - SSL Cert File is set to: /crafty/app/config/web/certs/commander.cert.pem
2024-01-04 00:45:05,754 - [Crafty] - INFO     - app.classes.shared.helpers - SSL Key File is set to: /crafty/app/config/web/certs/commander.key.pem
2024-01-04 00:45:05,755 - [Crafty] - INFO     - app.classes.controllers.servers_controller - Checking to see if we already registered 1
2024-01-04 00:45:05,755 - [Crafty] - INFO     - app.classes.shared.helpers - Cert and Key files already exists, not creating them.
2024-01-04 00:45:05,758 - [Crafty] - INFO     - app.classes.shared.migration - Starting migrations
2024-01-04 00:45:05,758 - [Crafty] - INFO     - app.classes.web.tornado_handler - Starting Web Server on ports http:8000 https:8443
2024-01-04 00:45:05,765 - [Crafty] - INFO     - app.classes.shared.migration - There is nothing to migrate
2024-01-04 00:45:05,768 - [Crafty] - INFO     - app.classes.web.tornado_handler - https://172.18.0.2:8443 is up and ready for connections.
2024-01-04 00:45:05,779 - [Crafty] - INFO     - app.classes.shared.server - Creating Server object: 1 | Server Name: ONECITYRP | Auto Start: False
2024-01-04 00:45:05,780 - [Crafty] - INFO     - app.classes.shared.server - Getting Stats for Server ONECITYRP ...
2024-01-04 00:45:08,357 - [Crafty] - INFO     - app.classes.minecraft.serverjars - Checking serverjars.com API status
2024-01-04 00:45:08,805 - [Crafty] - INFO     - app.classes.minecraft.serverjars - Serverjars.com API is alive
2024-01-04 00:45:08,806 - [Crafty] - INFO     - app.classes.minecraft.serverjars - Checking Cache file age
2024-01-04 00:45:09,829 - [Crafty] - INFO     - __main__ - Checking Internet. This may take a minute.
2024-01-04 00:45:11,832 - [Crafty] - INFO     - __main__ - Execution Mode: Non-interactive (e.g. 'python main.py')
2024-01-04 00:45:11,833 - [Crafty] - INFO     - __main__ - Application path: '/crafty'
2024-01-04 00:45:12,086 - [Crafty] - INFO     - __main__ - Removing old temp dirs
2024-01-04 00:45:12,086 - [Crafty] - INFO     - __main__ - Did not find old temp dir.
2024-01-04 00:46:21,430 - [Crafty] - INFO     - app.classes.shared.server - Polling server statistics ONECITYRP every 5 seconds
2024-01-04 00:46:21,430 - [Crafty] - INFO     - app.classes.shared.server - Saving server statistics ONECITYRP every 30 seconds
2024-01-04 00:46:21,432 - [Crafty] - INFO     - app.classes.shared.server - Start command detected. Reloading settings from DB for server ONECITYRP
2024-01-04 00:46:21,433 - [Crafty] - INFO     - app.classes.shared.helpers - /crafty/servers/1e6e079d-25a1-46d8-ae0c-aa580e532bda/tempfile.txt is writable
2024-01-04 00:46:21,435 - [Crafty] - INFO     - app.classes.shared.server - Launching Server ONECITYRP with command ['java', '-Xms10000M', '-Xmx10000M', '-jar', 'mohist-1.16.5.jar', 'nogui']
2024-01-04 00:46:21,435 - [Crafty] - INFO     - app.classes.shared.server - Unix Detected
2024-01-04 00:46:21,435 - [Crafty] - INFO     - app.classes.shared.server - Starting server in /crafty/servers/1e6e079d-25a1-46d8-ae0c-aa580e532bda with command: ['java', '-Xms10000M', '-Xmx10000M', '-jar', 'mohist-1.16.5.jar', 'nogui']
2024-01-04 00:46:21,449 - [Crafty] - INFO     - app.classes.shared.server - Server ONECITYRP running with PID 28
2024-01-04 00:46:21,450 - [Crafty] - INFO     - app.classes.shared.server - Getting Stats for Server ONECITYRP ...
2024-01-04 00:46:51,436 - [Crafty] - INFO     - app.classes.shared.server - Getting Stats for Server ONECITYRP ...
2024-01-04 00:47:10,783 - [Crafty] - INFO     - app.classes.minecraft.stats - Unable to read json from ping_obj due to the following error:
Traceback (most recent call last):
  File "/crafty/app/classes/minecraft/stats.py", line 251, in parse_server_ping
    online_stats = json.loads(ping_obj.players)
AttributeError: 'bool' object has no attribute 'players'
2024-01-04 00:47:10,789 - [Crafty] - INFO     - app.classes.minecraft.stats - Unable to read the server icon due to the following error:
Traceback (most recent call last):
  File "/crafty/app/classes/minecraft/stats.py", line 260, in parse_server_ping
    server_icon = base64.encodebytes(ping_obj.icon)
AttributeError: 'bool' object has no attribute 'icon'
2024-01-04 00:47:20,783 - [Crafty] - INFO     - app.classes.minecraft.stats - Unable to read json from ping_obj due to the following error:
Traceback (most recent call last):
  File "/crafty/app/classes/minecraft/stats.py", line 251, in parse_server_ping
    online_stats = json.loads(ping_obj.players)
AttributeError: 'bool' object has no attribute 'players'
2024-01-04 00:47:20,784 - [Crafty] - INFO     - app.classes.minecraft.stats - Unable to read the server icon due to the following error:
Traceback (most recent call last):
  File "/crafty/app/classes/minecraft/stats.py", line 260, in parse_server_ping
    server_icon = base64.encodebytes(ping_obj.icon)
AttributeError: 'bool' object has no attribute 'icon'
2024-01-04 00:47:21,432 - [Crafty] - INFO     - app.classes.shared.server - Getting Stats for Server ONECITYRP ...
2024-01-04 00:47:26,941 - [Crafty] - INFO     - app.classes.minecraft.stats - Unable to read json from ping_obj due to the following error:
Traceback (most recent call last):
  File "/crafty/app/classes/minecraft/stats.py", line 251, in parse_server_ping
    online_stats = json.loads(ping_obj.players)
AttributeError: 'bool' object has no attribute 'players'
2024-01-04 00:47:26,941 - [Crafty] - INFO     - app.classes.minecraft.stats - Unable to read the server icon due to the following error:
Traceback (most recent call last):
  File "/crafty/app/classes/minecraft/stats.py", line 260, in parse_server_ping
    server_icon = base64.encodebytes(ping_obj.icon)
AttributeError: 'bool' object has no attribute 'icon'
2024-01-04 00:47:30,787 - [Crafty] - INFO     - app.classes.minecraft.stats - Unable to read json from ping_obj due to the following error:
Traceback (most recent call last):
  File "/crafty/app/classes/minecraft/stats.py", line 251, in parse_server_ping
    online_stats = json.loads(ping_obj.players)
AttributeError: 'bool' object has no attribute 'players'
2024-01-04 00:47:30,788 - [Crafty] - INFO     - app.classes.minecraft.stats - Unable to read the server icon due to the following error:
Traceback (most recent call last):
  File "/crafty/app/classes/minecraft/stats.py", line 260, in parse_server_ping
    server_icon = base64.encodebytes(ping_obj.icon)
AttributeError: 'bool' object has no attribute 'icon'
2024-01-04 00:47:35,868 - [Crafty] - ERROR    - app.classes.minecraft.mc_ping - Error geting player information key error
2024-01-04 00:47:51,432 - [Crafty] - INFO     - app.classes.shared.server - Getting Stats for Server ONECITYRP ...
2024-01-04 00:48:21,431 - [Crafty] - INFO     - app.classes.shared.server - Getting Stats for Server ONECITYRP ...
2024-01-04 00:48:51,431 - [Crafty] - INFO     - app.classes.shared.server - Getting Stats for Server ONECITYRP ...
2024-01-04 00:49:21,431 - [Crafty] - INFO     - app.classes.shared.server - Getting Stats for Server ONECITYRP ...
2024-01-04 00:49:51,431 - [Crafty] - INFO     - app.classes.shared.server - Getting Stats for Server ONECITYRP ...
2024-01-04 00:50:21,431 - [Crafty] - INFO     - app.classes.shared.server - Getting Stats for Server ONECITYRP ...
2024-01-04 00:50:51,431 - [Crafty] - INFO     - app.classes.shared.server - Getting Stats for Server ONECITYRP ...
2024-01-04 00:51:21,431 - [Crafty] - INFO     - app.classes.shared.server - Getting Stats for Server ONECITYRP ...
2024-01-04 00:51:51,431 - [Crafty] - INFO     - app.classes.shared.server - Getting Stats for Server ONECITYRP ...
2024-01-04 00:52:21,431 - [Crafty] - INFO     - app.classes.shared.server - Getting Stats for Server ONECITYRP ...
2024-01-04 00:52:51,431 - [Crafty] - INFO     - app.classes.shared.server - Getting Stats for Server ONECITYRP ...
2024-01-04 00:53:21,431 - [Crafty] - INFO     - app.classes.shared.server - Getting Stats for Server ONECITYRP ...
2024-01-04 00:53:51,431 - [Crafty] - INFO     - app.classes.shared.server - Getting Stats for Server ONECITYRP ...
2024-01-04 00:54:21,431 - [Crafty] - INFO     - app.classes.shared.server - Getting Stats for Server ONECITYRP ...
2024-01-04 00:54:51,431 - [Crafty] - INFO     - app.classes.shared.server - Getting Stats for Server ONECITYRP ...
2024-01-04 00:55:21,431 - [Crafty] - INFO     - app.classes.shared.server - Getting Stats for Server ONECITYRP ...
2024-01-04 00:55:51,431 - [Crafty] - INFO     - app.classes.shared.server - Getting Stats for Server ONECITYRP ...
2024-01-04 00:56:21,431 - [Crafty] - INFO     - app.classes.shared.server - Getting Stats for Server ONECITYRP ...
2024-01-04 00:56:51,431 - [Crafty] - INFO     - app.classes.shared.server - Getting Stats for Server ONECITYRP ...
2024-01-04 00:57:21,431 - [Crafty] - INFO     - app.classes.shared.server - Getting Stats for Server ONECITYRP ...
2024-01-04 00:57:51,431 - [Crafty] - INFO     - app.classes.shared.server - Getting Stats for Server ONECITYRP ...
2024-01-04 00:58:21,431 - [Crafty] - INFO     - app.classes.shared.server - Getting Stats for Server ONECITYRP ...
2024-01-04 00:58:51,431 - [Crafty] - INFO     - app.classes.shared.server - Getting Stats for Server ONECITYRP ...
2024-01-04 00:59:21,431 - [Crafty] - INFO     - app.classes.shared.server - Getting Stats for Server ONECITYRP ...
2024-01-04 00:59:51,433 - [Crafty] - INFO     - app.classes.shared.server - Getting Stats for Server ONECITYRP ...
2024-01-04 01:00:21,431 - [Crafty] - INFO     - app.classes.shared.server - Getting Stats for Server ONECITYRP ...
2024-01-04 01:00:51,431 - [Crafty] - INFO     - app.classes.shared.server - Getting Stats for Server ONECITYRP ...
2024-01-04 01:01:21,431 - [Crafty] - INFO     - app.classes.shared.server - Getting Stats for Server ONECITYRP ...
2024-01-04 01:01:51,431 - [Crafty] - INFO     - app.classes.shared.server - Getting Stats for Server ONECITYRP ...
2024-01-04 01:02:21,431 - [Crafty] - INFO     - app.classes.shared.server - Getting Stats for Server ONECITYRP ...
2024-01-04 01:02:51,431 - [Crafty] - INFO     - app.classes.shared.server - Getting Stats for Server ONECITYRP ...
2024-01-04 01:03:21,431 - [Crafty] - INFO     - app.classes.shared.server - Getting Stats for Server ONECITYRP ...
2024-01-04 01:03:51,431 - [Crafty] - INFO     - app.classes.shared.server - Getting Stats for Server ONECITYRP ...
2024-01-04 01:04:21,431 - [Crafty] - INFO     - app.classes.shared.server - Getting Stats for Server ONECITYRP ...
2024-01-04 01:04:51,431 - [Crafty] - INFO     - app.classes.shared.server - Getting Stats for Server ONECITYRP ...
2024-01-04 01:05:21,431 - [Crafty] - INFO     - app.classes.shared.server - Getting Stats for Server ONECITYRP ...
2024-01-04 01:05:51,431 - [Crafty] - INFO     - app.classes.shared.server - Getting Stats for Server ONECITYRP ...
2024-01-04 01:06:21,431 - [Crafty] - INFO     - app.classes.shared.server - Getting Stats for Server ONECITYRP ...
2024-01-04 01:06:51,431 - [Crafty] - INFO     - app.classes.shared.server - Getting Stats for Server ONECITYRP ...
2024-01-04 01:07:21,431 - [Crafty] - INFO     - app.classes.shared.server - Getting Stats for Server ONECITYRP ...
2024-01-04 01:07:51,431 - [Crafty] - INFO     - app.classes.shared.server - Getting Stats for Server ONECITYRP ...
2024-01-04 01:08:21,431 - [Crafty] - INFO     - app.classes.shared.server - Getting Stats for Server ONECITYRP ...
2024-01-04 01:08:51,431 - [Crafty] - INFO     - app.classes.shared.server - Getting Stats for Server ONECITYRP ...
2024-01-04 01:09:21,431 - [Crafty] - INFO     - app.classes.shared.server - Getting Stats for Server ONECITYRP ...
2024-01-04 01:09:51,431 - [Crafty] - INFO     - app.classes.shared.server - Getting Stats for Server ONECITYRP ...
2024-01-04 01:10:21,431 - [Crafty] - INFO     - app.classes.shared.server - Getting Stats for Server ONECITYRP ...
2024-01-04 01:10:51,431 - [Crafty] - INFO     - app.classes.shared.server - Getting Stats for Server ONECITYRP ...
2024-01-04 01:11:21,431 - [Crafty] - INFO     - app.classes.shared.server - Getting Stats for Server ONECITYRP ...
2024-01-04 01:11:51,431 - [Crafty] - INFO     - app.classes.shared.server - Getting Stats for Server ONECITYRP ...
2024-01-04 01:12:21,431 - [Crafty] - INFO     - app.classes.shared.server - Getting Stats for Server ONECITYRP ...
2024-01-04 01:12:51,431 - [Crafty] - INFO     - app.classes.shared.server - Getting Stats for Server ONECITYRP ...
2024-01-04 01:13:21,431 - [Crafty] - INFO     - app.classes.shared.server - Getting Stats for Server ONECITYRP ...
2024-01-04 01:13:51,431 - [Crafty] - INFO     - app.classes.shared.server - Getting Stats for Server ONECITYRP ...
2024-01-04 01:14:21,431 - [Crafty] - INFO     - app.classes.shared.server - Getting Stats for Server ONECITYRP ...
2024-01-04 01:14:51,431 - [Crafty] - INFO     - app.classes.shared.server - Getting Stats for Server ONECITYRP ...
2024-01-04 01:15:21,431 - [Crafty] - INFO     - app.classes.shared.server - Getting Stats for Server ONECITYRP ...
