2024-01-03 23:30:20,913 - [Tornado] - [Access] - INFO - {
    "Status_Code": 302,
    "Method": "GET",
    "URL": "/",
    "Remote_IP": "172.18.0.1",
    "Elapsed_Time": "0.38ms"
}
2024-01-03 23:30:21,104 - [Tornado] - [Access] - INFO - {
    "Status_Code": 302,
    "Method": "GET",
    "URL": "/panel/dashboard",
    "Remote_IP": "172.18.0.1",
    "Elapsed_Time": "0.69ms"
}
2024-01-03 23:30:21,295 - [Tornado] - [Access] - INFO - {
    "Status_Code": 200,
    "Method": "GET",
    "URL": "/login?next=%2Fpanel%2Fdashboard",
    "Remote_IP": "172.18.0.1",
    "Elapsed_Time": "5.34ms"
}
2024-01-03 23:30:22,264 - [Tornado] - [Access] - INFO - {
    "Status_Code": 200,
    "Method": "GET",
    "URL": "/static/assets/vendors/mdi/css/materialdesignicons.min.css",
    "Remote_IP": "172.18.0.1",
    "Elapsed_Time": "5.91ms"
}
2024-01-03 23:30:22,265 - [Tornado] - [Access] - INFO - {
    "Status_Code": 200,
    "Method": "GET",
    "URL": "/static/assets/vendors/flag-icon-css/css/flag-icon.min.css",
    "Remote_IP": "172.18.0.1",
    "Elapsed_Time": "0.71ms"
}
2024-01-03 23:30:22,293 - [Tornado] - [Access] - INFO - {
    "Status_Code": 200,
    "Method": "GET",
    "URL": "/static/assets/vendors/ti-icons/css/themify-icons.css",
    "Remote_IP": "172.18.0.1",
    "Elapsed_Time": "0.85ms"
}
2024-01-03 23:30:23,099 - [Tornado] - [Access] - INFO - {
    "Status_Code": 200,
    "Method": "GET",
    "URL": "/static/assets/vendors/typicons/typicons.css",
    "Remote_IP": "172.18.0.1",
    "Elapsed_Time": "0.82ms"
}
2024-01-03 23:30:23,100 - [Tornado] - [Access] - INFO - {
    "Status_Code": 200,
    "Method": "GET",
    "URL": "/static/assets/vendors/css/vendor.bundle.base.css",
    "Remote_IP": "172.18.0.1",
    "Elapsed_Time": "0.47ms"
}
2024-01-03 23:30:23,240 - [Tornado] - [Access] - INFO - {
    "Status_Code": 200,
    "Method": "GET",
    "URL": "/static/assets/css/dark/style.css",
    "Remote_IP": "172.18.0.1",
    "Elapsed_Time": "4.53ms"
}
2024-01-03 23:30:23,248 - [Tornado] - [Access] - INFO - {
    "Status_Code": 200,
    "Method": "GET",
    "URL": "/static/assets/images/logo_long.svg",
    "Remote_IP": "172.18.0.1",
    "Elapsed_Time": "0.86ms"
}
2024-01-03 23:30:23,258 - [Tornado] - [Access] - INFO - {
    "Status_Code": 200,
    "Method": "GET",
    "URL": "/static/assets/js/shared/off-canvas.js",
    "Remote_IP": "172.18.0.1",
    "Elapsed_Time": "0.57ms"
}
2024-01-03 23:30:23,259 - [Tornado] - [Access] - INFO - {
    "Status_Code": 200,
    "Method": "GET",
    "URL": "/static/assets/vendors/js/vendor.bundle.base.js",
    "Remote_IP": "172.18.0.1",
    "Elapsed_Time": "1.39ms"
}
2024-01-03 23:30:23,559 - [Tornado] - [Access] - INFO - {
    "Status_Code": 200,
    "Method": "GET",
    "URL": "/static/assets/js/shared/hoverable-collapse.js",
    "Remote_IP": "172.18.0.1",
    "Elapsed_Time": "0.73ms"
}
2024-01-03 23:30:23,560 - [Tornado] - [Access] - INFO - {
    "Status_Code": 200,
    "Method": "GET",
    "URL": "/static/assets/js/shared/misc.js",
    "Remote_IP": "172.18.0.1",
    "Elapsed_Time": "0.54ms"
}
2024-01-03 23:30:23,846 - [Tornado] - [Access] - INFO - {
    "Status_Code": 404,
    "Method": "GET",
    "URL": "/static/assets/js/shared/settings.js",
    "Remote_IP": "172.18.0.1",
    "Elapsed_Time": "0.53ms"
}
2024-01-03 23:30:23,846 - [Tornado] - [Access] - INFO - {
    "Status_Code": 404,
    "Method": "GET",
    "URL": "/static/assets/js/shared/todolist.js",
    "Remote_IP": "172.18.0.1",
    "Elapsed_Time": "0.29ms"
}
2024-01-03 23:30:23,865 - [Tornado] - [Access] - INFO - {
    "Status_Code": 200,
    "Method": "GET",
    "URL": "/static/assets/images/auth/login_1.jpg",
    "Remote_IP": "172.18.0.1",
    "Elapsed_Time": "3.35ms"
}
2024-01-03 23:30:23,923 - [Tornado] - [Access] - INFO - {
    "Status_Code": 200,
    "Method": "GET",
    "URL": "/static/assets/js/shared/service-worker.js",
    "Remote_IP": "172.18.0.1",
    "Elapsed_Time": "0.68ms"
}
2024-01-03 23:30:24,244 - [Tornado] - [Access] - INFO - {
    "Status_Code": 200,
    "Method": "GET",
    "URL": "/static/assets/images/favicon.png",
    "Remote_IP": "172.18.0.1",
    "Elapsed_Time": "0.80ms"
}
2024-01-03 23:30:24,310 - [Tornado] - [Access] - INFO - {
    "Status_Code": 200,
    "Method": "GET",
    "URL": "/static/assets/images/logo_small.svg",
    "Remote_IP": "172.18.0.1",
    "Elapsed_Time": "0.67ms"
}
2024-01-03 23:30:46,714 - [Tornado] - [Access] - INFO - {
    "Status_Code": 302,
    "Method": "POST",
    "URL": "/login?next=%2Fpanel%2Fdashboard",
    "Remote_IP": "172.18.0.1",
    "Elapsed_Time": "74.08ms"
}
2024-01-03 23:30:46,804 - [Tornado] - [Access] - INFO - {
    "Status_Code": 200,
    "Method": "GET",
    "URL": "/panel/dashboard",
    "Remote_IP": "172.18.0.1",
    "Elapsed_Time": "35.26ms"
}
2024-01-03 23:30:46,884 - [Tornado] - [Access] - INFO - {
    "Status_Code": 200,
    "Method": "GET",
    "URL": "/static/assets/vendors/fontawesome6/css/all.css",
    "Remote_IP": "172.18.0.1",
    "Elapsed_Time": "1.67ms"
}
2024-01-03 23:30:46,887 - [Tornado] - [Access] - INFO - {
    "Status_Code": 200,
    "Method": "GET",
    "URL": "/static/assets/vendors/js/jquery.min.js",
    "Remote_IP": "172.18.0.1",
    "Elapsed_Time": "1.77ms"
}
2024-01-03 23:30:46,888 - [Tornado] - [Access] - INFO - {
    "Status_Code": 200,
    "Method": "GET",
    "URL": "/static/assets/css/crafty.css",
    "Remote_IP": "172.18.0.1",
    "Elapsed_Time": "2.28ms"
}
2024-01-03 23:30:46,889 - [Tornado] - [Access] - INFO - {
    "Status_Code": 200,
    "Method": "GET",
    "URL": "/static/assets/css/crafty-toggle-btn.css",
    "Remote_IP": "172.18.0.1",
    "Elapsed_Time": "2.83ms"
}
2024-01-03 23:30:46,890 - [Tornado] - [Access] - INFO - {
    "Status_Code": 200,
    "Method": "GET",
    "URL": "/static/assets/vendors/js/chart.min.js",
    "Remote_IP": "172.18.0.1",
    "Elapsed_Time": "4.47ms"
}
2024-01-03 23:30:46,891 - [Tornado] - [Access] - INFO - {
    "Status_Code": 200,
    "Method": "GET",
    "URL": "/static/assets/vendors/css/bootstrap-toggle.min.css",
    "Remote_IP": "172.18.0.1",
    "Elapsed_Time": "4.90ms"
}
2024-01-03 23:30:46,919 - [Tornado] - [Access] - INFO - {
    "Status_Code": 200,
    "Method": "GET",
    "URL": "/static/assets/vendors/js/chartjs-plugin-zoom.min.js",
    "Remote_IP": "172.18.0.1",
    "Elapsed_Time": "1.53ms"
}
2024-01-03 23:30:46,920 - [Tornado] - [Access] - INFO - {
    "Status_Code": 200,
    "Method": "GET",
    "URL": "/static/assets/images/faces-clipart/pic-3.png",
    "Remote_IP": "172.18.0.1",
    "Elapsed_Time": "1.84ms"
}
2024-01-03 23:30:46,920 - [Tornado] - [Access] - INFO - {
    "Status_Code": 200,
    "Method": "GET",
    "URL": "/static/assets/vendors/js/hammer.min.js",
    "Remote_IP": "172.18.0.1",
    "Elapsed_Time": "0.55ms"
}
2024-01-03 23:30:46,944 - [Tornado] - [Access] - INFO - {
    "Status_Code": 200,
    "Method": "GET",
    "URL": "/static/assets/vendors/js/datatables.min.js",
    "Remote_IP": "172.18.0.1",
    "Elapsed_Time": "1.89ms"
}
2024-01-03 23:30:47,498 - [Tornado] - [Access] - INFO - {
    "Status_Code": 200,
    "Method": "GET",
    "URL": "/static/assets/vendors/js/jquery-ui.js",
    "Remote_IP": "172.18.0.1",
    "Elapsed_Time": "2.16ms"
}
2024-01-03 23:30:47,499 - [Tornado] - [Access] - INFO - {
    "Status_Code": 200,
    "Method": "GET",
    "URL": "/static/assets/vendors/js/bootbox.min.js",
    "Remote_IP": "172.18.0.1",
    "Elapsed_Time": "2.65ms"
}
2024-01-03 23:30:47,500 - [Tornado] - [Access] - INFO - {
    "Status_Code": 200,
    "Method": "GET",
    "URL": "/static/assets/js/motd.js",
    "Remote_IP": "172.18.0.1",
    "Elapsed_Time": "0.92ms"
}
2024-01-03 23:30:47,501 - [Tornado] - [Access] - INFO - {
    "Status_Code": 200,
    "Method": "GET",
    "URL": "/static/assets/vendors/css/jquery-ui.css",
    "Remote_IP": "172.18.0.1",
    "Elapsed_Time": "1.19ms"
}
2024-01-03 23:30:47,608 - [Tornado] - [Access] - INFO - {
    "Status_Code": 200,
    "Method": "GET",
    "URL": "/static/assets/vendors/css/jquery-ui.structure.css",
    "Remote_IP": "172.18.0.1",
    "Elapsed_Time": "0.82ms"
}
2024-01-03 23:30:47,610 - [Tornado] - [Access] - INFO - {
    "Status_Code": 200,
    "Method": "GET",
    "URL": "/static/assets/vendors/js/cdn.min.js",
    "Remote_IP": "172.18.0.1",
    "Elapsed_Time": "1.23ms"
}
2024-01-03 23:30:47,612 - [Tornado] - [Access] - INFO - {
    "Status_Code": 200,
    "Method": "GET",
    "URL": "/static/assets/vendors/mdi/fonts/materialdesignicons-webfont.woff2?v=3.7.95",
    "Remote_IP": "172.18.0.1",
    "Elapsed_Time": "2.76ms"
}
2024-01-03 23:30:47,613 - [Tornado] - [Access] - INFO - {
    "Status_Code": 200,
    "Method": "GET",
    "URL": "/static/assets/vendors/js/bootstrap-toggle.min.js",
    "Remote_IP": "172.18.0.1",
    "Elapsed_Time": "3.22ms"
}
2024-01-03 23:30:47,615 - [Tornado] - [Access] - INFO - {
    "Status_Code": 200,
    "Method": "GET",
    "URL": "/static/assets/vendors/fontawesome6/webfonts/fa-solid-900.woff2",
    "Remote_IP": "172.18.0.1",
    "Elapsed_Time": "5.57ms"
}
2024-01-03 23:30:47,616 - [Tornado] - [Access] - INFO - {
    "Status_Code": 200,
    "Method": "GET",
    "URL": "/static/assets/vendors/fontawesome6/webfonts/fa-brands-400.woff2",
    "Remote_IP": "172.18.0.1",
    "Elapsed_Time": "6.56ms"
}
2024-01-03 23:30:48,772 - [Tornado] - [Access] - INFO - {
    "Status_Code": 200,
    "Method": "GET",
    "URL": "/api/v2/crafty/announcements/",
    "Remote_IP": "172.18.0.1",
    "Elapsed_Time": "686.91ms"
}
2024-01-03 23:30:48,773 - [Tornado] - [Access] - INFO - {
    "Status_Code": 101,
    "Method": "GET",
    "URL": "/ws?page=%2Fpanel%2Fdashboard&page_query_params=",
    "Remote_IP": "172.18.0.1",
    "Elapsed_Time": "0.41ms"
}
2024-01-03 23:30:50,026 - [Tornado] - [Access] - INFO - {
    "Status_Code": 304,
    "Method": "GET",
    "URL": "/static/assets/js/shared/service-worker.js",
    "Remote_IP": "172.18.0.1",
    "Elapsed_Time": "0.62ms"
}
2024-01-03 23:30:55,313 - [Tornado] - [Access] - INFO - {
    "Status_Code": 200,
    "Method": "GET",
    "URL": "/server/step1",
    "Remote_IP": "172.18.0.1",
    "Elapsed_Time": "942.42ms"
}
2024-01-03 23:30:55,429 - [Tornado] - [Access] - INFO - {
    "Status_Code": 200,
    "Method": "GET",
    "URL": "/static/assets/images/serverjars/ICON.svg",
    "Remote_IP": "172.18.0.1",
    "Elapsed_Time": "0.67ms"
}
2024-01-03 23:30:55,476 - [Tornado] - [Access] - INFO - {
    "Status_Code": 200,
    "Method": "GET",
    "URL": "/static/assets/js/shared/root-dir.js",
    "Remote_IP": "172.18.0.1",
    "Elapsed_Time": "0.64ms"
}
2024-01-03 23:30:55,575 - [Tornado] - [Access] - INFO - {
    "Status_Code": 101,
    "Method": "GET",
    "URL": "/ws?page=%2Fserver%2Fstep1&page_query_params=",
    "Remote_IP": "172.18.0.1",
    "Elapsed_Time": "0.57ms"
}
2024-01-03 23:30:56,364 - [Tornado] - [Access] - INFO - {
    "Status_Code": 304,
    "Method": "GET",
    "URL": "/api/v2/crafty/announcements/",
    "Remote_IP": "172.18.0.1",
    "Elapsed_Time": "681.50ms"
}
2024-01-03 23:30:57,246 - [Tornado] - [Access] - INFO - {
    "Status_Code": 200,
    "Method": "GET",
    "URL": "/static/assets/js/shared/service-worker.js",
    "Remote_IP": "172.18.0.1",
    "Elapsed_Time": "0.68ms"
}
2024-01-03 23:31:10,063 - [Tornado] - [Access] - INFO - {
    "Status_Code": 200,
    "Method": "GET",
    "URL": "/static/assets/images/serverjars/FULL-WHITE.svg",
    "Remote_IP": "172.18.0.1",
    "Elapsed_Time": "0.95ms"
}
2024-01-03 23:31:10,846 - [Tornado] - [Access] - INFO - {
    "Status_Code": 201,
    "Method": "POST",
    "URL": "/api/v2/servers/",
    "Remote_IP": "172.18.0.1",
    "Elapsed_Time": "782.98ms"
}
2024-01-03 23:31:10,949 - [Tornado] - [Access] - INFO - {
    "Status_Code": 200,
    "Method": "GET",
    "URL": "/panel/dashboard",
    "Remote_IP": "172.18.0.1",
    "Elapsed_Time": "36.22ms"
}
2024-01-03 23:31:11,587 - [Tornado] - [Access] - INFO - {
    "Status_Code": 304,
    "Method": "GET",
    "URL": "/api/v2/crafty/announcements/",
    "Remote_IP": "172.18.0.1",
    "Elapsed_Time": "455.05ms"
}
2024-01-03 23:31:11,596 - [Tornado] - [Access] - INFO - {
    "Status_Code": 101,
    "Method": "GET",
    "URL": "/ws?page=%2Fpanel%2Fdashboard&page_query_params=",
    "Remote_IP": "172.18.0.1",
    "Elapsed_Time": "0.40ms"
}
2024-01-03 23:31:12,643 - [Tornado] - [Access] - INFO - {
    "Status_Code": 200,
    "Method": "GET",
    "URL": "/panel/server_detail?id=1",
    "Remote_IP": "172.18.0.1",
    "Elapsed_Time": "42.16ms"
}
2024-01-03 23:31:12,779 - [Tornado] - [Access] - INFO - {
    "Status_Code": 200,
    "Method": "GET",
    "URL": "/static/assets/vendors/moment/moment.min.js",
    "Remote_IP": "172.18.0.1",
    "Elapsed_Time": "0.94ms"
}
2024-01-03 23:31:12,785 - [Tornado] - [Access] - INFO - {
    "Status_Code": 304,
    "Method": "GET",
    "URL": "/static/assets/js/shared/service-worker.js",
    "Remote_IP": "172.18.0.1",
    "Elapsed_Time": "0.56ms"
}
2024-01-03 23:31:12,871 - [Tornado] - [Access] - INFO - {
    "Status_Code": 200,
    "Method": "GET",
    "URL": "/static/assets/vendors/fontawesome6/webfonts/fa-regular-400.woff2",
    "Remote_IP": "172.18.0.1",
    "Elapsed_Time": "0.83ms"
}
2024-01-03 23:31:12,891 - [Tornado] - [Access] - INFO - {
    "Status_Code": 200,
    "Method": "GET",
    "URL": "/api/v2/servers/1/logs?colors=true",
    "Remote_IP": "172.18.0.1",
    "Elapsed_Time": "5.42ms"
}
2024-01-03 23:31:12,973 - [Tornado] - [Access] - INFO - {
    "Status_Code": 101,
    "Method": "GET",
    "URL": "/ws?page=%2Fpanel%2Fserver_detail&page_query_params=%3Fid%3D1",
    "Remote_IP": "172.18.0.1",
    "Elapsed_Time": "0.63ms"
}
2024-01-03 23:31:13,087 - [Tornado] - [Access] - INFO - {
    "Status_Code": 200,
    "Method": "GET",
    "URL": "/api/v2/servers/1",
    "Remote_IP": "172.18.0.1",
    "Elapsed_Time": "4.06ms"
}
2024-01-03 23:31:13,547 - [Tornado] - [Access] - INFO - {
    "Status_Code": 304,
    "Method": "GET",
    "URL": "/api/v2/crafty/announcements/",
    "Remote_IP": "172.18.0.1",
    "Elapsed_Time": "458.63ms"
}
2024-01-03 23:31:13,648 - [Tornado] - [Access] - INFO - {
    "Status_Code": 200,
    "Method": "GET",
    "URL": "/panel/server_detail?id=1",
    "Remote_IP": "172.18.0.1",
    "Elapsed_Time": "41.55ms"
}
2024-01-03 23:31:13,774 - [Tornado] - [Access] - INFO - {
    "Status_Code": 304,
    "Method": "GET",
    "URL": "/api/v2/servers/1",
    "Remote_IP": "172.18.0.1",
    "Elapsed_Time": "3.14ms"
}
2024-01-03 23:31:13,787 - [Tornado] - [Access] - INFO - {
    "Status_Code": 304,
    "Method": "GET",
    "URL": "/api/v2/servers/1/logs?colors=true",
    "Remote_IP": "172.18.0.1",
    "Elapsed_Time": "5.90ms"
}
2024-01-03 23:31:13,858 - [Tornado] - [Access] - INFO - {
    "Status_Code": 101,
    "Method": "GET",
    "URL": "/ws?page=%2Fpanel%2Fserver_detail&page_query_params=%3Fid%3D1",
    "Remote_IP": "172.18.0.1",
    "Elapsed_Time": "0.62ms"
}
2024-01-03 23:31:14,832 - [Tornado] - [Access] - INFO - {
    "Status_Code": 304,
    "Method": "GET",
    "URL": "/api/v2/crafty/announcements/",
    "Remote_IP": "172.18.0.1",
    "Elapsed_Time": "869.56ms"
}
2024-01-03 23:31:15,407 - [Tornado] - [Access] - INFO - {
    "Status_Code": 304,
    "Method": "GET",
    "URL": "/static/assets/js/shared/service-worker.js",
    "Remote_IP": "172.18.0.1",
    "Elapsed_Time": "0.73ms"
}
2024-01-03 23:31:16,841 - [Tornado] - [Access] - INFO - {
    "Status_Code": 200,
    "Method": "GET",
    "URL": "/panel/server_detail?id=1&subpage=files",
    "Remote_IP": "172.18.0.1",
    "Elapsed_Time": "44.94ms"
}
2024-01-03 23:31:17,007 - [Tornado] - [Access] - INFO - {
    "Status_Code": 200,
    "Method": "GET",
    "URL": "/static/assets/vendors/ace-builds/src-min/ace.js",
    "Remote_IP": "172.18.0.1",
    "Elapsed_Time": "2.64ms"
}
2024-01-03 23:31:17,212 - [Tornado] - [Access] - INFO - {
    "Status_Code": 101,
    "Method": "GET",
    "URL": "/ws?page=%2Fpanel%2Fserver_detail&page_query_params=%3Fid%3D1%26subpage%3Dfiles",
    "Remote_IP": "172.18.0.1",
    "Elapsed_Time": "0.70ms"
}
2024-01-03 23:31:17,385 - [Tornado] - [Access] - INFO - {
    "Status_Code": 200,
    "Method": "GET",
    "URL": "/static/assets/vendors/ace-builds/src-min/theme-dracula.js",
    "Remote_IP": "172.18.0.1",
    "Elapsed_Time": "0.77ms"
}
2024-01-03 23:31:17,998 - [Tornado] - [Access] - INFO - {
    "Status_Code": 304,
    "Method": "GET",
    "URL": "/api/v2/crafty/announcements/",
    "Remote_IP": "172.18.0.1",
    "Elapsed_Time": "607.79ms"
}
2024-01-03 23:31:18,001 - [Tornado] - [Access] - INFO - {
    "Status_Code": 304,
    "Method": "GET",
    "URL": "/api/v2/servers/1",
    "Remote_IP": "172.18.0.1",
    "Elapsed_Time": "2.77ms"
}
2024-01-03 23:31:18,025 - [Tornado] - [Access] - INFO - {
    "Status_Code": 200,
    "Method": "POST",
    "URL": "/api/v2/servers/1/files",
    "Remote_IP": "172.18.0.1",
    "Elapsed_Time": "9.63ms"
}
2024-01-03 23:31:19,576 - [Tornado] - [Access] - INFO - {
    "Status_Code": 304,
    "Method": "GET",
    "URL": "/static/assets/js/shared/service-worker.js",
    "Remote_IP": "172.18.0.1",
    "Elapsed_Time": "0.62ms"
}
2024-01-03 23:31:20,288 - [Tornado] - [Access] - INFO - {
    "Status_Code": 200,
    "Method": "POST",
    "URL": "/api/v2/servers/1/files",
    "Remote_IP": "172.18.0.1",
    "Elapsed_Time": "5.69ms"
}
2024-01-03 23:31:20,345 - [Tornado] - [Access] - INFO - {
    "Status_Code": 200,
    "Method": "GET",
    "URL": "/static/assets/vendors/ace-builds/src-min/mode-properties.js",
    "Remote_IP": "172.18.0.1",
    "Elapsed_Time": "0.69ms"
}
2024-01-03 23:31:20,959 - [Tornado] - [Access] - INFO - {
    "Status_Code": 200,
    "Method": "POST",
    "URL": "/api/v2/servers/1/files",
    "Remote_IP": "172.18.0.1",
    "Elapsed_Time": "5.71ms"
}
2024-01-03 23:31:22,266 - [Tornado] - [Access] - INFO - {
    "Status_Code": 200,
    "Method": "GET",
    "URL": "/panel/server_detail?id=1&subpage=term",
    "Remote_IP": "172.18.0.1",
    "Elapsed_Time": "41.40ms"
}
2024-01-03 23:31:22,433 - [Tornado] - [Access] - INFO - {
    "Status_Code": 304,
    "Method": "GET",
    "URL": "/api/v2/servers/1",
    "Remote_IP": "172.18.0.1",
    "Elapsed_Time": "2.98ms"
}
2024-01-03 23:31:23,141 - [Tornado] - [Access] - INFO - {
    "Status_Code": 304,
    "Method": "GET",
    "URL": "/api/v2/crafty/announcements/",
    "Remote_IP": "172.18.0.1",
    "Elapsed_Time": "710.60ms"
}
2024-01-03 23:31:23,146 - [Tornado] - [Access] - INFO - {
    "Status_Code": 304,
    "Method": "GET",
    "URL": "/api/v2/servers/1/logs?colors=true",
    "Remote_IP": "172.18.0.1",
    "Elapsed_Time": "3.85ms"
}
2024-01-03 23:31:23,147 - [Tornado] - [Access] - INFO - {
    "Status_Code": 101,
    "Method": "GET",
    "URL": "/ws?page=%2Fpanel%2Fserver_detail&page_query_params=%3Fid%3D1%26subpage%3Dterm",
    "Remote_IP": "172.18.0.1",
    "Elapsed_Time": "3.98ms"
}
2024-01-03 23:31:23,962 - [Tornado] - [Access] - INFO - {
    "Status_Code": 200,
    "Method": "POST",
    "URL": "/api/v2/servers/1/action/start_server",
    "Remote_IP": "172.18.0.1",
    "Elapsed_Time": "24.56ms"
}
2024-01-03 23:31:24,070 - [Tornado] - [Access] - INFO - {
    "Status_Code": 304,
    "Method": "GET",
    "URL": "/static/assets/js/shared/service-worker.js",
    "Remote_IP": "172.18.0.1",
    "Elapsed_Time": "0.63ms"
}
2024-01-03 23:31:25,985 - [Tornado] - [Access] - INFO - {
    "Status_Code": 200,
    "Method": "POST",
    "URL": "/api/v2/servers/1/action/eula/",
    "Remote_IP": "172.18.0.1",
    "Elapsed_Time": "6.39ms"
}
2024-01-03 23:31:26,182 - [Tornado] - [Access] - INFO - {
    "Status_Code": 304,
    "Method": "GET",
    "URL": "/panel/server_detail?id=1&subpage=term",
    "Remote_IP": "172.18.0.1",
    "Elapsed_Time": "74.69ms"
}
2024-01-03 23:31:26,899 - [Tornado] - [Access] - INFO - {
    "Status_Code": 304,
    "Method": "GET",
    "URL": "/api/v2/crafty/announcements/",
    "Remote_IP": "172.18.0.1",
    "Elapsed_Time": "616.86ms"
}
2024-01-03 23:31:26,912 - [Tornado] - [Access] - INFO - {
    "Status_Code": 304,
    "Method": "GET",
    "URL": "/api/v2/servers/1",
    "Remote_IP": "172.18.0.1",
    "Elapsed_Time": "3.09ms"
}
2024-01-03 23:31:26,918 - [Tornado] - [Access] - INFO - {
    "Status_Code": 200,
    "Method": "GET",
    "URL": "/api/v2/servers/1/logs?colors=true",
    "Remote_IP": "172.18.0.1",
    "Elapsed_Time": "8.82ms"
}
2024-01-03 23:31:26,919 - [Tornado] - [Access] - INFO - {
    "Status_Code": 101,
    "Method": "GET",
    "URL": "/ws?page=%2Fpanel%2Fserver_detail&page_query_params=%3Fid%3D1%26subpage%3Dterm",
    "Remote_IP": "172.18.0.1",
    "Elapsed_Time": "0.43ms"
}
2024-01-03 23:31:28,501 - [Tornado] - [Access] - INFO - {
    "Status_Code": 304,
    "Method": "GET",
    "URL": "/static/assets/js/shared/service-worker.js",
    "Remote_IP": "172.18.0.1",
    "Elapsed_Time": "0.60ms"
}
2024-01-03 23:33:12,404 - [Tornado] - [Access] - INFO - {
    "Status_Code": 101,
    "Method": "GET",
    "URL": "/ws?page=%2Fpanel%2Fserver_detail&page_query_params=%3Fid%3D1%26subpage%3Dterm",
    "Remote_IP": "172.18.0.1",
    "Elapsed_Time": "0.62ms"
}
2024-01-03 23:34:30,130 - [Tornado] - [Access] - INFO - {
    "Status_Code": 101,
    "Method": "GET",
    "URL": "/ws?page=%2Fpanel%2Fserver_detail&page_query_params=%3Fid%3D1%26subpage%3Dterm",
    "Remote_IP": "172.18.0.1",
    "Elapsed_Time": "0.59ms"
}
2024-01-03 23:35:14,140 - [Tornado] - [Access] - INFO - {
    "Status_Code": 101,
    "Method": "GET",
    "URL": "/ws?page=%2Fpanel%2Fserver_detail&page_query_params=%3Fid%3D1%26subpage%3Dterm",
    "Remote_IP": "172.18.0.1",
    "Elapsed_Time": "0.55ms"
}
2024-01-03 23:35:21,635 - [Tornado] - [Access] - INFO - {
    "Status_Code": 304,
    "Method": "GET",
    "URL": "/panel/server_detail?id=1&subpage=files",
    "Remote_IP": "172.18.0.1",
    "Elapsed_Time": "73.23ms"
}
2024-01-03 23:35:22,604 - [Tornado] - [Access] - INFO - {
    "Status_Code": 304,
    "Method": "GET",
    "URL": "/api/v2/crafty/announcements/",
    "Remote_IP": "172.18.0.1",
    "Elapsed_Time": "553.78ms"
}
2024-01-03 23:35:22,609 - [Tornado] - [Access] - INFO - {
    "Status_Code": 304,
    "Method": "GET",
    "URL": "/api/v2/servers/1",
    "Remote_IP": "172.18.0.1",
    "Elapsed_Time": "2.94ms"
}
2024-01-03 23:35:22,609 - [Tornado] - [Access] - INFO - {
    "Status_Code": 101,
    "Method": "GET",
    "URL": "/ws?page=%2Fpanel%2Fserver_detail&page_query_params=%3Fid%3D1%26subpage%3Dfiles",
    "Remote_IP": "172.18.0.1",
    "Elapsed_Time": "3.14ms"
}
2024-01-03 23:35:22,625 - [Tornado] - [Access] - INFO - {
    "Status_Code": 200,
    "Method": "POST",
    "URL": "/api/v2/servers/1/files",
    "Remote_IP": "172.18.0.1",
    "Elapsed_Time": "18.71ms"
}
2024-01-03 23:35:24,371 - [Tornado] - [Access] - INFO - {
    "Status_Code": 304,
    "Method": "GET",
    "URL": "/static/assets/js/shared/service-worker.js",
    "Remote_IP": "172.18.0.1",
    "Elapsed_Time": "0.65ms"
}
2024-01-03 23:35:27,213 - [Tornado] - [Access] - INFO - {
    "Status_Code": 200,
    "Method": "POST",
    "URL": "/api/v2/servers/1/files",
    "Remote_IP": "172.18.0.1",
    "Elapsed_Time": "6.26ms"
}
2024-01-03 23:36:04,888 - [Tornado] - [Access] - INFO - {
    "Status_Code": 200,
    "Method": "POST",
    "URL": "/upload?server_id=1",
    "Remote_IP": "172.18.0.1",
    "Elapsed_Time": "5007.56ms"
}
2024-01-03 23:36:09,946 - [Tornado] - [Access] - INFO - {
    "Status_Code": 200,
    "Method": "POST",
    "URL": "/upload?server_id=1",
    "Remote_IP": "172.18.0.1",
    "Elapsed_Time": "5035.63ms"
}
2024-01-03 23:36:14,950 - [Tornado] - [Access] - INFO - {
    "Status_Code": 200,
    "Method": "POST",
    "URL": "/upload?server_id=1",
    "Remote_IP": "172.18.0.1",
    "Elapsed_Time": "10038.48ms"
}
2024-01-03 23:36:19,952 - [Tornado] - [Access] - INFO - {
    "Status_Code": 200,
    "Method": "POST",
    "URL": "/upload?server_id=1",
    "Remote_IP": "172.18.0.1",
    "Elapsed_Time": "15040.60ms"
}
2024-01-03 23:36:24,958 - [Tornado] - [Access] - INFO - {
    "Status_Code": 200,
    "Method": "POST",
    "URL": "/upload?server_id=1",
    "Remote_IP": "172.18.0.1",
    "Elapsed_Time": "20046.06ms"
}
2024-01-03 23:36:29,968 - [Tornado] - [Access] - INFO - {
    "Status_Code": 200,
    "Method": "POST",
    "URL": "/upload?server_id=1",
    "Remote_IP": "172.18.0.1",
    "Elapsed_Time": "5009.53ms"
}
2024-01-03 23:36:35,048 - [Tornado] - [Access] - INFO - {
    "Status_Code": 200,
    "Method": "POST",
    "URL": "/upload?server_id=1",
    "Remote_IP": "172.18.0.1",
    "Elapsed_Time": "10086.20ms"
}
2024-01-03 23:36:40,052 - [Tornado] - [Access] - INFO - {
    "Status_Code": 200,
    "Method": "POST",
    "URL": "/upload?server_id=1",
    "Remote_IP": "172.18.0.1",
    "Elapsed_Time": "15088.76ms"
}
2024-01-03 23:38:06,535 - [Tornado] - [Access] - INFO - {
    "Status_Code": 101,
    "Method": "GET",
    "URL": "/ws?page=%2Fpanel%2Fserver_detail&page_query_params=%3Fid%3D1%26subpage%3Dfiles",
    "Remote_IP": "172.18.0.1",
    "Elapsed_Time": "0.48ms"
}
2024-01-03 23:38:10,038 - [Tornado] - [Access] - INFO - {
    "Status_Code": 304,
    "Method": "GET",
    "URL": "/panel/server_detail?id=1&subpage=files",
    "Remote_IP": "172.18.0.1",
    "Elapsed_Time": "43.47ms"
}
2024-01-03 23:38:10,316 - [Tornado] - [Access] - INFO - {
    "Status_Code": 200,
    "Method": "POST",
    "URL": "/api/v2/servers/1/files",
    "Remote_IP": "172.18.0.1",
    "Elapsed_Time": "16.46ms"
}
2024-01-03 23:38:10,319 - [Tornado] - [Access] - INFO - {
    "Status_Code": 304,
    "Method": "GET",
    "URL": "/api/v2/servers/1",
    "Remote_IP": "172.18.0.1",
    "Elapsed_Time": "2.43ms"
}
2024-01-03 23:38:10,354 - [Tornado] - [Access] - INFO - {
    "Status_Code": 101,
    "Method": "GET",
    "URL": "/ws?page=%2Fpanel%2Fserver_detail&page_query_params=%3Fid%3D1%26subpage%3Dfiles",
    "Remote_IP": "172.18.0.1",
    "Elapsed_Time": "0.59ms"
}
2024-01-03 23:38:11,131 - [Tornado] - [Access] - INFO - {
    "Status_Code": 304,
    "Method": "GET",
    "URL": "/api/v2/crafty/announcements/",
    "Remote_IP": "172.18.0.1",
    "Elapsed_Time": "705.47ms"
}
2024-01-03 23:38:12,078 - [Tornado] - [Access] - INFO - {
    "Status_Code": 200,
    "Method": "POST",
    "URL": "/api/v2/servers/1/files",
    "Remote_IP": "172.18.0.1",
    "Elapsed_Time": "12.59ms"
}
2024-01-03 23:38:12,184 - [Tornado] - [Access] - INFO - {
    "Status_Code": 304,
    "Method": "GET",
    "URL": "/static/assets/js/shared/service-worker.js",
    "Remote_IP": "172.18.0.1",
    "Elapsed_Time": "0.57ms"
}
2024-01-03 23:38:30,439 - [Tornado] - [Access] - INFO - {
    "Status_Code": 304,
    "Method": "GET",
    "URL": "/panel/server_detail?id=1&subpage=term",
    "Remote_IP": "172.18.0.1",
    "Elapsed_Time": "41.08ms"
}
2024-01-03 23:38:31,123 - [Tornado] - [Access] - INFO - {
    "Status_Code": 304,
    "Method": "GET",
    "URL": "/api/v2/crafty/announcements/",
    "Remote_IP": "172.18.0.1",
    "Elapsed_Time": "564.52ms"
}
2024-01-03 23:38:31,135 - [Tornado] - [Access] - INFO - {
    "Status_Code": 304,
    "Method": "GET",
    "URL": "/api/v2/servers/1",
    "Remote_IP": "172.18.0.1",
    "Elapsed_Time": "2.96ms"
}
2024-01-03 23:38:31,147 - [Tornado] - [Access] - INFO - {
    "Status_Code": 200,
    "Method": "GET",
    "URL": "/api/v2/servers/1/logs?colors=true",
    "Remote_IP": "172.18.0.1",
    "Elapsed_Time": "14.46ms"
}
2024-01-03 23:38:31,148 - [Tornado] - [Access] - INFO - {
    "Status_Code": 101,
    "Method": "GET",
    "URL": "/ws?page=%2Fpanel%2Fserver_detail&page_query_params=%3Fid%3D1%26subpage%3Dterm",
    "Remote_IP": "172.18.0.1",
    "Elapsed_Time": "0.38ms"
}
2024-01-03 23:38:32,730 - [Tornado] - [Access] - INFO - {
    "Status_Code": 304,
    "Method": "GET",
    "URL": "/static/assets/js/shared/service-worker.js",
    "Remote_IP": "172.18.0.1",
    "Elapsed_Time": "0.63ms"
}
2024-01-03 23:38:32,812 - [Tornado] - [Access] - INFO - {
    "Status_Code": 200,
    "Method": "POST",
    "URL": "/api/v2/servers/1/action/start_server",
    "Remote_IP": "172.18.0.1",
    "Elapsed_Time": "18.85ms"
}
2024-01-03 23:38:33,749 - [Tornado] - [Access] - INFO - {
    "Status_Code": 200,
    "Method": "GET",
    "URL": "/panel/server_detail?id=1&subpage=term",
    "Remote_IP": "172.18.0.1",
    "Elapsed_Time": "59.79ms"
}
2024-01-03 23:38:34,653 - [Tornado] - [Access] - INFO - {
    "Status_Code": 304,
    "Method": "GET",
    "URL": "/api/v2/crafty/announcements/",
    "Remote_IP": "172.18.0.1",
    "Elapsed_Time": "734.39ms"
}
2024-01-03 23:38:34,669 - [Tornado] - [Access] - INFO - {
    "Status_Code": 304,
    "Method": "GET",
    "URL": "/api/v2/servers/1",
    "Remote_IP": "172.18.0.1",
    "Elapsed_Time": "3.54ms"
}
2024-01-03 23:38:34,670 - [Tornado] - [Access] - INFO - {
    "Status_Code": 101,
    "Method": "GET",
    "URL": "/ws?page=%2Fpanel%2Fserver_detail&page_query_params=%3Fid%3D1%26subpage%3Dterm",
    "Remote_IP": "172.18.0.1",
    "Elapsed_Time": "3.84ms"
}
2024-01-03 23:38:34,677 - [Tornado] - [Access] - INFO - {
    "Status_Code": 200,
    "Method": "GET",
    "URL": "/api/v2/servers/1/logs?colors=true",
    "Remote_IP": "172.18.0.1",
    "Elapsed_Time": "4.63ms"
}
2024-01-03 23:38:36,497 - [Tornado] - [Access] - INFO - {
    "Status_Code": 304,
    "Method": "GET",
    "URL": "/static/assets/js/shared/service-worker.js",
    "Remote_IP": "172.18.0.1",
    "Elapsed_Time": "0.90ms"
}
2024-01-03 23:40:37,749 - [Tornado] - [Access] - INFO - {
    "Status_Code": 101,
    "Method": "GET",
    "URL": "/ws?page=%2Fpanel%2Fserver_detail&page_query_params=%3Fid%3D1%26subpage%3Dterm",
    "Remote_IP": "172.18.0.1",
    "Elapsed_Time": "0.51ms"
}
2024-01-03 23:40:43,633 - [Tornado] - [Access] - INFO - {
    "Status_Code": 200,
    "Method": "GET",
    "URL": "/panel/server_detail?id=1&subpage=files",
    "Remote_IP": "172.18.0.1",
    "Elapsed_Time": "75.54ms"
}
2024-01-03 23:40:45,335 - [Tornado] - [Access] - INFO - {
    "Status_Code": 304,
    "Method": "GET",
    "URL": "/api/v2/crafty/announcements/",
    "Remote_IP": "172.18.0.1",
    "Elapsed_Time": "640.84ms"
}
2024-01-03 23:40:45,358 - [Tornado] - [Access] - INFO - {
    "Status_Code": 304,
    "Method": "GET",
    "URL": "/api/v2/servers/1",
    "Remote_IP": "172.18.0.1",
    "Elapsed_Time": "3.51ms"
}
2024-01-03 23:40:45,390 - [Tornado] - [Access] - INFO - {
    "Status_Code": 200,
    "Method": "POST",
    "URL": "/api/v2/servers/1/files",
    "Remote_IP": "172.18.0.1",
    "Elapsed_Time": "31.87ms"
}
2024-01-03 23:40:45,446 - [Tornado] - [Access] - INFO - {
    "Status_Code": 101,
    "Method": "GET",
    "URL": "/ws?page=%2Fpanel%2Fserver_detail&page_query_params=%3Fid%3D1%26subpage%3Dfiles",
    "Remote_IP": "172.18.0.1",
    "Elapsed_Time": "0.51ms"
}
2024-01-03 23:40:46,976 - [Tornado] - [Access] - INFO - {
    "Status_Code": 200,
    "Method": "GET",
    "URL": "/static/assets/js/shared/service-worker.js",
    "Remote_IP": "172.18.0.1",
    "Elapsed_Time": "0.70ms"
}
2024-01-03 23:40:47,042 - [Tornado] - [Access] - INFO - {
    "Status_Code": 200,
    "Method": "POST",
    "URL": "/api/v2/servers/1/files",
    "Remote_IP": "172.18.0.1",
    "Elapsed_Time": "8.47ms"
}
2024-01-03 23:41:16,325 - [Tornado] - [Access] - INFO - {
    "Status_Code": 200,
    "Method": "POST",
    "URL": "/upload?server_id=1",
    "Remote_IP": "172.18.0.1",
    "Elapsed_Time": "5042.88ms"
}
2024-01-03 23:41:17,388 - [Tornado] - [Access] - INFO - {
    "Status_Code": 200,
    "Method": "GET",
    "URL": "/panel/server_detail?id=1&subpage=term",
    "Remote_IP": "172.18.0.1",
    "Elapsed_Time": "52.81ms"
}
2024-01-03 23:41:18,190 - [Tornado] - [Access] - INFO - {
    "Status_Code": 304,
    "Method": "GET",
    "URL": "/api/v2/crafty/announcements/",
    "Remote_IP": "172.18.0.1",
    "Elapsed_Time": "609.86ms"
}
2024-01-03 23:41:18,194 - [Tornado] - [Access] - INFO - {
    "Status_Code": 304,
    "Method": "GET",
    "URL": "/api/v2/servers/1",
    "Remote_IP": "172.18.0.1",
    "Elapsed_Time": "3.28ms"
}
2024-01-03 23:41:18,205 - [Tornado] - [Access] - INFO - {
    "Status_Code": 101,
    "Method": "GET",
    "URL": "/ws?page=%2Fpanel%2Fserver_detail&page_query_params=%3Fid%3D1%26subpage%3Dterm",
    "Remote_IP": "172.18.0.1",
    "Elapsed_Time": "0.56ms"
}
2024-01-03 23:41:18,223 - [Tornado] - [Access] - INFO - {
    "Status_Code": 200,
    "Method": "GET",
    "URL": "/api/v2/servers/1/logs?colors=true",
    "Remote_IP": "172.18.0.1",
    "Elapsed_Time": "11.56ms"
}
2024-01-03 23:41:19,777 - [Tornado] - [Access] - INFO - {
    "Status_Code": 304,
    "Method": "GET",
    "URL": "/static/assets/js/shared/service-worker.js",
    "Remote_IP": "172.18.0.1",
    "Elapsed_Time": "0.61ms"
}
2024-01-03 23:41:20,185 - [Tornado] - [Access] - INFO - {
    "Status_Code": 200,
    "Method": "POST",
    "URL": "/api/v2/servers/1/action/restart_server",
    "Remote_IP": "172.18.0.1",
    "Elapsed_Time": "22.53ms"
}
2024-01-03 23:41:25,011 - [Tornado] - [Access] - INFO - {
    "Status_Code": 200,
    "Method": "POST",
    "URL": "/api/v2/servers/1/action/stop_server",
    "Remote_IP": "172.18.0.1",
    "Elapsed_Time": "22.01ms"
}
2024-01-03 23:41:26,260 - [Tornado] - [Access] - INFO - {
    "Status_Code": 200,
    "Method": "GET",
    "URL": "/panel/server_detail?id=1&subpage=logs",
    "Remote_IP": "172.18.0.1",
    "Elapsed_Time": "63.37ms"
}
2024-01-03 23:41:26,425 - [Tornado] - [Access] - INFO - {
    "Status_Code": 304,
    "Method": "GET",
    "URL": "/api/v2/servers/1",
    "Remote_IP": "172.18.0.1",
    "Elapsed_Time": "4.25ms"
}
2024-01-03 23:41:26,898 - [Tornado] - [Access] - INFO - {
    "Status_Code": 304,
    "Method": "GET",
    "URL": "/api/v2/crafty/announcements/",
    "Remote_IP": "172.18.0.1",
    "Elapsed_Time": "472.62ms"
}
2024-01-03 23:41:26,911 - [Tornado] - [Access] - INFO - {
    "Status_Code": 200,
    "Method": "GET",
    "URL": "/api/v2/servers/1/logs?colors=true",
    "Remote_IP": "172.18.0.1",
    "Elapsed_Time": "12.52ms"
}
2024-01-03 23:41:26,924 - [Tornado] - [Access] - INFO - {
    "Status_Code": 101,
    "Method": "GET",
    "URL": "/ws?page=%2Fpanel%2Fserver_detail&page_query_params=%3Fid%3D1%26subpage%3Dlogs",
    "Remote_IP": "172.18.0.1",
    "Elapsed_Time": "9.54ms"
}
2024-01-03 23:41:27,698 - [Tornado] - [Access] - INFO - {
    "Status_Code": 304,
    "Method": "GET",
    "URL": "/panel/server_detail?id=1&subpage=term",
    "Remote_IP": "172.18.0.1",
    "Elapsed_Time": "65.59ms"
}
2024-01-03 23:41:28,366 - [Tornado] - [Access] - INFO - {
    "Status_Code": 304,
    "Method": "GET",
    "URL": "/api/v2/crafty/announcements/",
    "Remote_IP": "172.18.0.1",
    "Elapsed_Time": "570.91ms"
}
2024-01-03 23:41:28,389 - [Tornado] - [Access] - INFO - {
    "Status_Code": 304,
    "Method": "GET",
    "URL": "/api/v2/servers/1",
    "Remote_IP": "172.18.0.1",
    "Elapsed_Time": "4.40ms"
}
2024-01-03 23:41:28,389 - [Tornado] - [Access] - INFO - {
    "Status_Code": 101,
    "Method": "GET",
    "URL": "/ws?page=%2Fpanel%2Fserver_detail&page_query_params=%3Fid%3D1%26subpage%3Dterm",
    "Remote_IP": "172.18.0.1",
    "Elapsed_Time": "4.49ms"
}
2024-01-03 23:41:28,403 - [Tornado] - [Access] - INFO - {
    "Status_Code": 304,
    "Method": "GET",
    "URL": "/api/v2/servers/1/logs?colors=true",
    "Remote_IP": "172.18.0.1",
    "Elapsed_Time": "10.00ms"
}
2024-01-03 23:41:28,403 - [Tornado] - [Access] - INFO - {
    "Status_Code": 304,
    "Method": "GET",
    "URL": "/static/assets/js/shared/service-worker.js",
    "Remote_IP": "172.18.0.1",
    "Elapsed_Time": "0.39ms"
}
2024-01-03 23:41:29,967 - [Tornado] - [Access] - INFO - {
    "Status_Code": 304,
    "Method": "GET",
    "URL": "/static/assets/js/shared/service-worker.js",
    "Remote_IP": "172.18.0.1",
    "Elapsed_Time": "1.04ms"
}
2024-01-03 23:41:30,502 - [Tornado] - [Access] - INFO - {
    "Status_Code": 304,
    "Method": "GET",
    "URL": "/panel/server_detail?id=1&subpage=logs",
    "Remote_IP": "172.18.0.1",
    "Elapsed_Time": "59.71ms"
}
2024-01-03 23:41:31,113 - [Tornado] - [Access] - INFO - {
    "Status_Code": 304,
    "Method": "GET",
    "URL": "/api/v2/crafty/announcements/",
    "Remote_IP": "172.18.0.1",
    "Elapsed_Time": "511.97ms"
}
2024-01-03 23:41:31,117 - [Tornado] - [Access] - INFO - {
    "Status_Code": 304,
    "Method": "GET",
    "URL": "/api/v2/servers/1",
    "Remote_IP": "172.18.0.1",
    "Elapsed_Time": "3.02ms"
}
2024-01-03 23:41:31,126 - [Tornado] - [Access] - INFO - {
    "Status_Code": 200,
    "Method": "GET",
    "URL": "/api/v2/servers/1/logs?colors=true",
    "Remote_IP": "172.18.0.1",
    "Elapsed_Time": "11.86ms"
}
2024-01-03 23:41:31,126 - [Tornado] - [Access] - INFO - {
    "Status_Code": 101,
    "Method": "GET",
    "URL": "/ws?page=%2Fpanel%2Fserver_detail&page_query_params=%3Fid%3D1%26subpage%3Dlogs",
    "Remote_IP": "172.18.0.1",
    "Elapsed_Time": "12.18ms"
}
2024-01-03 23:41:32,032 - [Tornado] - [Access] - INFO - {
    "Status_Code": 304,
    "Method": "GET",
    "URL": "/panel/server_detail?id=1&subpage=term",
    "Remote_IP": "172.18.0.1",
    "Elapsed_Time": "51.53ms"
}
2024-01-03 23:41:32,680 - [Tornado] - [Access] - INFO - {
    "Status_Code": 304,
    "Method": "GET",
    "URL": "/api/v2/crafty/announcements/",
    "Remote_IP": "172.18.0.1",
    "Elapsed_Time": "553.21ms"
}
2024-01-03 23:41:32,698 - [Tornado] - [Access] - INFO - {
    "Status_Code": 304,
    "Method": "GET",
    "URL": "/api/v2/servers/1/logs?colors=true",
    "Remote_IP": "172.18.0.1",
    "Elapsed_Time": "9.67ms"
}
2024-01-03 23:41:32,699 - [Tornado] - [Access] - INFO - {
    "Status_Code": 101,
    "Method": "GET",
    "URL": "/ws?page=%2Fpanel%2Fserver_detail&page_query_params=%3Fid%3D1%26subpage%3Dterm",
    "Remote_IP": "172.18.0.1",
    "Elapsed_Time": "9.84ms"
}
2024-01-03 23:41:32,703 - [Tornado] - [Access] - INFO - {
    "Status_Code": 304,
    "Method": "GET",
    "URL": "/api/v2/servers/1",
    "Remote_IP": "172.18.0.1",
    "Elapsed_Time": "2.34ms"
}
2024-01-03 23:41:32,733 - [Tornado] - [Access] - INFO - {
    "Status_Code": 304,
    "Method": "GET",
    "URL": "/static/assets/js/shared/service-worker.js",
    "Remote_IP": "172.18.0.1",
    "Elapsed_Time": "0.63ms"
}
2024-01-03 23:41:33,190 - [Tornado] - [Access] - INFO - {
    "Status_Code": 200,
    "Method": "GET",
    "URL": "/panel/server_detail?id=1&subpage=term",
    "Remote_IP": "172.18.0.1",
    "Elapsed_Time": "47.10ms"
}
2024-01-03 23:41:33,350 - [Tornado] - [Access] - INFO - {
    "Status_Code": 304,
    "Method": "GET",
    "URL": "/api/v2/servers/1",
    "Remote_IP": "172.18.0.1",
    "Elapsed_Time": "4.33ms"
}
2024-01-03 23:41:33,368 - [Tornado] - [Access] - INFO - {
    "Status_Code": 304,
    "Method": "GET",
    "URL": "/api/v2/servers/1/logs?colors=true",
    "Remote_IP": "172.18.0.1",
    "Elapsed_Time": "15.46ms"
}
2024-01-03 23:41:33,933 - [Tornado] - [Access] - INFO - {
    "Status_Code": 304,
    "Method": "GET",
    "URL": "/api/v2/crafty/announcements/",
    "Remote_IP": "172.18.0.1",
    "Elapsed_Time": "473.44ms"
}
2024-01-03 23:41:33,942 - [Tornado] - [Access] - INFO - {
    "Status_Code": 101,
    "Method": "GET",
    "URL": "/ws?page=%2Fpanel%2Fserver_detail&page_query_params=%3Fid%3D1%26subpage%3Dterm",
    "Remote_IP": "172.18.0.1",
    "Elapsed_Time": "0.43ms"
}
2024-01-03 23:41:34,407 - [Tornado] - [Access] - INFO - {
    "Status_Code": 200,
    "Method": "POST",
    "URL": "/api/v2/servers/1/action/start_server",
    "Remote_IP": "172.18.0.1",
    "Elapsed_Time": "18.60ms"
}
2024-01-03 23:41:34,950 - [Tornado] - [Access] - INFO - {
    "Status_Code": 304,
    "Method": "GET",
    "URL": "/static/assets/js/shared/service-worker.js",
    "Remote_IP": "172.18.0.1",
    "Elapsed_Time": "0.60ms"
}
2024-01-03 23:41:35,813 - [Tornado] - [Access] - INFO - {
    "Status_Code": 200,
    "Method": "GET",
    "URL": "/panel/server_detail?id=1&subpage=term",
    "Remote_IP": "172.18.0.1",
    "Elapsed_Time": "111.42ms"
}
2024-01-03 23:41:35,983 - [Tornado] - [Access] - INFO - {
    "Status_Code": 304,
    "Method": "GET",
    "URL": "/api/v2/servers/1",
    "Remote_IP": "172.18.0.1",
    "Elapsed_Time": "4.65ms"
}
2024-01-03 23:41:35,993 - [Tornado] - [Access] - INFO - {
    "Status_Code": 200,
    "Method": "GET",
    "URL": "/api/v2/servers/1/logs?colors=true",
    "Remote_IP": "172.18.0.1",
    "Elapsed_Time": "7.72ms"
}
2024-01-03 23:41:36,061 - [Tornado] - [Access] - INFO - {
    "Status_Code": 101,
    "Method": "GET",
    "URL": "/ws?page=%2Fpanel%2Fserver_detail&page_query_params=%3Fid%3D1%26subpage%3Dterm",
    "Remote_IP": "172.18.0.1",
    "Elapsed_Time": "0.79ms"
}
2024-01-03 23:41:36,675 - [Tornado] - [Access] - INFO - {
    "Status_Code": 304,
    "Method": "GET",
    "URL": "/api/v2/crafty/announcements/",
    "Remote_IP": "172.18.0.1",
    "Elapsed_Time": "576.89ms"
}
2024-01-03 23:41:37,770 - [Tornado] - [Access] - INFO - {
    "Status_Code": 304,
    "Method": "GET",
    "URL": "/static/assets/js/shared/service-worker.js",
    "Remote_IP": "172.18.0.1",
    "Elapsed_Time": "1.35ms"
}
2024-01-03 23:42:34,462 - [Tornado] - [Access] - INFO - {
    "Status_Code": 200,
    "Method": "GET",
    "URL": "/panel/server_detail?id=1&subpage=term",
    "Remote_IP": "172.18.0.1",
    "Elapsed_Time": "42.17ms"
}
2024-01-03 23:42:34,726 - [Tornado] - [Access] - INFO - {
    "Status_Code": 304,
    "Method": "GET",
    "URL": "/api/v2/servers/1",
    "Remote_IP": "172.18.0.1",
    "Elapsed_Time": "2.85ms"
}
2024-01-03 23:42:35,283 - [Tornado] - [Access] - INFO - {
    "Status_Code": 304,
    "Method": "GET",
    "URL": "/api/v2/crafty/announcements/",
    "Remote_IP": "172.18.0.1",
    "Elapsed_Time": "556.34ms"
}
2024-01-03 23:42:35,297 - [Tornado] - [Access] - INFO - {
    "Status_Code": 200,
    "Method": "GET",
    "URL": "/api/v2/servers/1/logs?colors=true",
    "Remote_IP": "172.18.0.1",
    "Elapsed_Time": "4.00ms"
}
2024-01-03 23:42:35,299 - [Tornado] - [Access] - INFO - {
    "Status_Code": 101,
    "Method": "GET",
    "URL": "/ws?page=%2Fpanel%2Fserver_detail&page_query_params=%3Fid%3D1%26subpage%3Dterm",
    "Remote_IP": "172.18.0.1",
    "Elapsed_Time": "0.82ms"
}
2024-01-03 23:42:35,927 - [Tornado] - [Access] - INFO - {
    "Status_Code": 200,
    "Method": "GET",
    "URL": "/panel/server_detail?id=1&subpage=term",
    "Remote_IP": "172.18.0.1",
    "Elapsed_Time": "82.08ms"
}
2024-01-03 23:42:36,091 - [Tornado] - [Access] - INFO - {
    "Status_Code": 304,
    "Method": "GET",
    "URL": "/api/v2/servers/1",
    "Remote_IP": "172.18.0.1",
    "Elapsed_Time": "4.72ms"
}
2024-01-03 23:42:36,172 - [Tornado] - [Access] - INFO - {
    "Status_Code": 101,
    "Method": "GET",
    "URL": "/ws?page=%2Fpanel%2Fserver_detail&page_query_params=%3Fid%3D1%26subpage%3Dterm",
    "Remote_IP": "172.18.0.1",
    "Elapsed_Time": "0.65ms"
}
2024-01-03 23:42:36,923 - [Tornado] - [Access] - INFO - {
    "Status_Code": 304,
    "Method": "GET",
    "URL": "/api/v2/crafty/announcements/",
    "Remote_IP": "172.18.0.1",
    "Elapsed_Time": "628.28ms"
}
2024-01-03 23:42:36,926 - [Tornado] - [Access] - INFO - {
    "Status_Code": 304,
    "Method": "GET",
    "URL": "/static/assets/js/shared/service-worker.js",
    "Remote_IP": "172.18.0.1",
    "Elapsed_Time": "0.88ms"
}
2024-01-03 23:42:36,941 - [Tornado] - [Access] - INFO - {
    "Status_Code": 200,
    "Method": "GET",
    "URL": "/api/v2/servers/1/logs?colors=true",
    "Remote_IP": "172.18.0.1",
    "Elapsed_Time": "13.98ms"
}
2024-01-03 23:42:38,024 - [Tornado] - [Access] - INFO - {
    "Status_Code": 304,
    "Method": "GET",
    "URL": "/static/assets/js/shared/service-worker.js",
    "Remote_IP": "172.18.0.1",
    "Elapsed_Time": "0.89ms"
}
2024-01-03 23:47:10,236 - [Tornado] - [Access] - INFO - {
    "Status_Code": 101,
    "Method": "GET",
    "URL": "/ws?page=%2Fpanel%2Fserver_detail&page_query_params=%3Fid%3D1%26subpage%3Dterm",
    "Remote_IP": "172.18.0.1",
    "Elapsed_Time": "0.55ms"
}
2024-01-03 23:47:52,247 - [Tornado] - [Access] - INFO - {
    "Status_Code": 101,
    "Method": "GET",
    "URL": "/ws?page=%2Fpanel%2Fserver_detail&page_query_params=%3Fid%3D1%26subpage%3Dterm",
    "Remote_IP": "172.18.0.1",
    "Elapsed_Time": "0.72ms"
}
2024-01-03 23:48:10,297 - [Tornado] - [Access] - INFO - {
    "Status_Code": 200,
    "Method": "GET",
    "URL": "/panel/server_detail?id=1&subpage=files",
    "Remote_IP": "172.18.0.1",
    "Elapsed_Time": "55.45ms"
}
2024-01-03 23:48:11,466 - [Tornado] - [Access] - INFO - {
    "Status_Code": 304,
    "Method": "GET",
    "URL": "/api/v2/crafty/announcements/",
    "Remote_IP": "172.18.0.1",
    "Elapsed_Time": "577.45ms"
}
2024-01-03 23:48:11,506 - [Tornado] - [Access] - INFO - {
    "Status_Code": 200,
    "Method": "POST",
    "URL": "/api/v2/servers/1/files",
    "Remote_IP": "172.18.0.1",
    "Elapsed_Time": "29.28ms"
}
2024-01-03 23:48:11,509 - [Tornado] - [Access] - INFO - {
    "Status_Code": 304,
    "Method": "GET",
    "URL": "/api/v2/servers/1",
    "Remote_IP": "172.18.0.1",
    "Elapsed_Time": "32.11ms"
}
2024-01-03 23:48:11,562 - [Tornado] - [Access] - INFO - {
    "Status_Code": 101,
    "Method": "GET",
    "URL": "/ws?page=%2Fpanel%2Fserver_detail&page_query_params=%3Fid%3D1%26subpage%3Dfiles",
    "Remote_IP": "172.18.0.1",
    "Elapsed_Time": "0.50ms"
}
2024-01-03 23:48:13,116 - [Tornado] - [Access] - INFO - {
    "Status_Code": 304,
    "Method": "GET",
    "URL": "/static/assets/js/shared/service-worker.js",
    "Remote_IP": "172.18.0.1",
    "Elapsed_Time": "0.70ms"
}
2024-01-03 23:48:18,490 - [Tornado] - [Access] - INFO - {
    "Status_Code": 200,
    "Method": "POST",
    "URL": "/api/v2/servers/1/files",
    "Remote_IP": "172.18.0.1",
    "Elapsed_Time": "7.58ms"
}
2024-01-03 23:48:29,992 - [Tornado] - [Access] - INFO - {
    "Status_Code": 200,
    "Method": "PATCH",
    "URL": "/api/v2/servers/1/files",
    "Remote_IP": "172.18.0.1",
    "Elapsed_Time": "6.32ms"
}
2024-01-03 23:48:32,547 - [Tornado] - [Access] - INFO - {
    "Status_Code": 200,
    "Method": "GET",
    "URL": "/panel/server_detail?id=1&subpage=term",
    "Remote_IP": "172.18.0.1",
    "Elapsed_Time": "49.86ms"
}
2024-01-03 23:48:33,271 - [Tornado] - [Access] - INFO - {
    "Status_Code": 304,
    "Method": "GET",
    "URL": "/api/v2/crafty/announcements/",
    "Remote_IP": "172.18.0.1",
    "Elapsed_Time": "545.96ms"
}
2024-01-03 23:48:33,300 - [Tornado] - [Access] - INFO - {
    "Status_Code": 200,
    "Method": "GET",
    "URL": "/api/v2/servers/1/logs?colors=true",
    "Remote_IP": "172.18.0.1",
    "Elapsed_Time": "10.75ms"
}
2024-01-03 23:48:33,302 - [Tornado] - [Access] - INFO - {
    "Status_Code": 101,
    "Method": "GET",
    "URL": "/ws?page=%2Fpanel%2Fserver_detail&page_query_params=%3Fid%3D1%26subpage%3Dterm",
    "Remote_IP": "172.18.0.1",
    "Elapsed_Time": "0.43ms"
}
2024-01-03 23:48:33,306 - [Tornado] - [Access] - INFO - {
    "Status_Code": 304,
    "Method": "GET",
    "URL": "/api/v2/servers/1",
    "Remote_IP": "172.18.0.1",
    "Elapsed_Time": "2.96ms"
}
2024-01-03 23:48:34,865 - [Tornado] - [Access] - INFO - {
    "Status_Code": 304,
    "Method": "GET",
    "URL": "/static/assets/js/shared/service-worker.js",
    "Remote_IP": "172.18.0.1",
    "Elapsed_Time": "0.77ms"
}
2024-01-03 23:48:35,493 - [Tornado] - [Access] - INFO - {
    "Status_Code": 200,
    "Method": "POST",
    "URL": "/api/v2/servers/1/action/stop_server",
    "Remote_IP": "172.18.0.1",
    "Elapsed_Time": "20.16ms"
}
2024-01-03 23:48:39,225 - [Tornado] - [Access] - INFO - {
    "Status_Code": 200,
    "Method": "GET",
    "URL": "/panel/server_detail?id=1&subpage=files",
    "Remote_IP": "172.18.0.1",
    "Elapsed_Time": "62.21ms"
}
2024-01-03 23:48:39,428 - [Tornado] - [Access] - INFO - {
    "Status_Code": 304,
    "Method": "GET",
    "URL": "/api/v2/servers/1",
    "Remote_IP": "172.18.0.1",
    "Elapsed_Time": "3.67ms"
}
2024-01-03 23:48:39,994 - [Tornado] - [Access] - INFO - {
    "Status_Code": 304,
    "Method": "GET",
    "URL": "/api/v2/crafty/announcements/",
    "Remote_IP": "172.18.0.1",
    "Elapsed_Time": "564.58ms"
}
2024-01-03 23:48:40,003 - [Tornado] - [Access] - INFO - {
    "Status_Code": 101,
    "Method": "GET",
    "URL": "/ws?page=%2Fpanel%2Fserver_detail&page_query_params=%3Fid%3D1%26subpage%3Dfiles",
    "Remote_IP": "172.18.0.1",
    "Elapsed_Time": "0.46ms"
}
2024-01-03 23:48:40,037 - [Tornado] - [Access] - INFO - {
    "Status_Code": 200,
    "Method": "POST",
    "URL": "/api/v2/servers/1/files",
    "Remote_IP": "172.18.0.1",
    "Elapsed_Time": "27.25ms"
}
2024-01-03 23:48:41,064 - [Tornado] - [Access] - INFO - {
    "Status_Code": 304,
    "Method": "GET",
    "URL": "/static/assets/js/shared/service-worker.js",
    "Remote_IP": "172.18.0.1",
    "Elapsed_Time": "0.63ms"
}
2024-01-03 23:48:42,337 - [Tornado] - [Access] - INFO - {
    "Status_Code": 200,
    "Method": "POST",
    "URL": "/api/v2/servers/1/files",
    "Remote_IP": "172.18.0.1",
    "Elapsed_Time": "8.51ms"
}
2024-01-03 23:50:25,048 - [Tornado] - [Access] - INFO - {
    "Status_Code": 200,
    "Method": "POST",
    "URL": "/upload?server_id=1",
    "Remote_IP": "172.18.0.1",
    "Elapsed_Time": "5013.75ms"
}
2024-01-03 23:50:30,160 - [Tornado] - [Access] - INFO - {
    "Status_Code": 200,
    "Method": "POST",
    "URL": "/upload?server_id=1",
    "Remote_IP": "172.18.0.1",
    "Elapsed_Time": "5096.54ms"
}
2024-01-03 23:50:35,177 - [Tornado] - [Access] - INFO - {
    "Status_Code": 200,
    "Method": "POST",
    "URL": "/upload?server_id=1",
    "Remote_IP": "172.18.0.1",
    "Elapsed_Time": "10061.75ms"
}
2024-01-03 23:50:40,228 - [Tornado] - [Access] - INFO - {
    "Status_Code": 200,
    "Method": "POST",
    "URL": "/upload?server_id=1",
    "Remote_IP": "172.18.0.1",
    "Elapsed_Time": "15095.45ms"
}
2024-01-03 23:50:45,260 - [Tornado] - [Access] - INFO - {
    "Status_Code": 200,
    "Method": "POST",
    "URL": "/upload?server_id=1",
    "Remote_IP": "172.18.0.1",
    "Elapsed_Time": "10082.35ms"
}
2024-01-03 23:50:50,264 - [Tornado] - [Access] - INFO - {
    "Status_Code": 200,
    "Method": "POST",
    "URL": "/upload?server_id=1",
    "Remote_IP": "172.18.0.1",
    "Elapsed_Time": "15086.12ms"
}
2024-01-03 23:50:55,268 - [Tornado] - [Access] - INFO - {
    "Status_Code": 200,
    "Method": "POST",
    "URL": "/upload?server_id=1",
    "Remote_IP": "172.18.0.1",
    "Elapsed_Time": "20089.88ms"
}
2024-01-03 23:51:00,272 - [Tornado] - [Access] - INFO - {
    "Status_Code": 200,
    "Method": "POST",
    "URL": "/upload?server_id=1",
    "Remote_IP": "172.18.0.1",
    "Elapsed_Time": "25093.87ms"
}
2024-01-03 23:51:05,278 - [Tornado] - [Access] - INFO - {
    "Status_Code": 200,
    "Method": "POST",
    "URL": "/upload?server_id=1",
    "Remote_IP": "172.18.0.1",
    "Elapsed_Time": "30099.50ms"
}
2024-01-03 23:51:10,292 - [Tornado] - [Access] - INFO - {
    "Status_Code": 200,
    "Method": "POST",
    "URL": "/upload?server_id=1",
    "Remote_IP": "172.18.0.1",
    "Elapsed_Time": "30052.50ms"
}
2024-01-03 23:51:15,304 - [Tornado] - [Access] - INFO - {
    "Status_Code": 200,
    "Method": "POST",
    "URL": "/upload?server_id=1",
    "Remote_IP": "172.18.0.1",
    "Elapsed_Time": "35050.51ms"
}
2024-01-03 23:51:20,309 - [Tornado] - [Access] - INFO - {
    "Status_Code": 200,
    "Method": "POST",
    "URL": "/upload?server_id=1",
    "Remote_IP": "172.18.0.1",
    "Elapsed_Time": "40055.18ms"
}
2024-01-03 23:51:20,324 - [Tornado] - [Access] - INFO - {
    "Status_Code": 101,
    "Method": "GET",
    "URL": "/ws?page=%2Fpanel%2Fserver_detail&page_query_params=%3Fid%3D1%26subpage%3Dfiles",
    "Remote_IP": "172.18.0.1",
    "Elapsed_Time": "10025.91ms"
}
2024-01-03 23:51:25,335 - [Tornado] - [Access] - INFO - {
    "Status_Code": 200,
    "Method": "POST",
    "URL": "/upload?server_id=1",
    "Remote_IP": "172.18.0.1",
    "Elapsed_Time": "20047.37ms"
}
2024-01-03 23:51:30,371 - [Tornado] - [Access] - INFO - {
    "Status_Code": 200,
    "Method": "POST",
    "URL": "/upload?server_id=1",
    "Remote_IP": "172.18.0.1",
    "Elapsed_Time": "20072.98ms"
}
2024-01-03 23:51:35,377 - [Tornado] - [Access] - INFO - {
    "Status_Code": 200,
    "Method": "POST",
    "URL": "/upload?server_id=1",
    "Remote_IP": "172.18.0.1",
    "Elapsed_Time": "25078.61ms"
}
2024-01-03 23:51:40,383 - [Tornado] - [Access] - INFO - {
    "Status_Code": 200,
    "Method": "POST",
    "URL": "/upload?server_id=1",
    "Remote_IP": "172.18.0.1",
    "Elapsed_Time": "30084.40ms"
}
2024-01-03 23:51:45,388 - [Tornado] - [Access] - INFO - {
    "Status_Code": 200,
    "Method": "POST",
    "URL": "/upload?server_id=1",
    "Remote_IP": "172.18.0.1",
    "Elapsed_Time": "35089.98ms"
}
2024-01-03 23:51:50,422 - [Tornado] - [Access] - INFO - {
    "Status_Code": 200,
    "Method": "POST",
    "URL": "/upload?server_id=1",
    "Remote_IP": "172.18.0.1",
    "Elapsed_Time": "30093.23ms"
}
2024-01-03 23:52:15,915 - [Tornado] - [Access] - INFO - {
    "Status_Code": 101,
    "Method": "GET",
    "URL": "/ws?page=%2Fpanel%2Fserver_detail&page_query_params=%3Fid%3D1%26subpage%3Dfiles",
    "Remote_IP": "172.18.0.1",
    "Elapsed_Time": "0.52ms"
}
2024-01-03 23:52:22,275 - [Tornado] - [Access] - INFO - {
    "Status_Code": 200,
    "Method": "GET",
    "URL": "/panel/server_detail?id=1&subpage=files",
    "Remote_IP": "172.18.0.1",
    "Elapsed_Time": "54.48ms"
}
2024-01-03 23:52:22,503 - [Tornado] - [Access] - INFO - {
    "Status_Code": 304,
    "Method": "GET",
    "URL": "/api/v2/servers/1",
    "Remote_IP": "172.18.0.1",
    "Elapsed_Time": "2.76ms"
}
2024-01-03 23:52:22,552 - [Tornado] - [Access] - INFO - {
    "Status_Code": 101,
    "Method": "GET",
    "URL": "/ws?page=%2Fpanel%2Fserver_detail&page_query_params=%3Fid%3D1%26subpage%3Dfiles",
    "Remote_IP": "172.18.0.1",
    "Elapsed_Time": "0.61ms"
}
2024-01-03 23:52:22,609 - [Tornado] - [Access] - INFO - {
    "Status_Code": 200,
    "Method": "POST",
    "URL": "/api/v2/servers/1/files",
    "Remote_IP": "172.18.0.1",
    "Elapsed_Time": "39.48ms"
}
2024-01-03 23:52:23,351 - [Tornado] - [Access] - INFO - {
    "Status_Code": 304,
    "Method": "GET",
    "URL": "/api/v2/crafty/announcements/",
    "Remote_IP": "172.18.0.1",
    "Elapsed_Time": "741.71ms"
}
2024-01-03 23:52:24,210 - [Tornado] - [Access] - INFO - {
    "Status_Code": 304,
    "Method": "GET",
    "URL": "/static/assets/js/shared/service-worker.js",
    "Remote_IP": "172.18.0.1",
    "Elapsed_Time": "0.59ms"
}
2024-01-03 23:52:27,044 - [Tornado] - [Access] - INFO - {
    "Status_Code": 200,
    "Method": "POST",
    "URL": "/api/v2/servers/1/files",
    "Remote_IP": "172.18.0.1",
    "Elapsed_Time": "23.27ms"
}
2024-01-03 23:52:34,290 - [Tornado] - [Access] - INFO - {
    "Status_Code": 200,
    "Method": "DELETE",
    "URL": "/api/v2/servers/1/files",
    "Remote_IP": "172.18.0.1",
    "Elapsed_Time": "5.34ms"
}
2024-01-03 23:52:36,839 - [Tornado] - [Access] - INFO - {
    "Status_Code": 200,
    "Method": "DELETE",
    "URL": "/api/v2/servers/1/files",
    "Remote_IP": "172.18.0.1",
    "Elapsed_Time": "5.17ms"
}
2024-01-03 23:52:39,869 - [Tornado] - [Access] - INFO - {
    "Status_Code": 200,
    "Method": "DELETE",
    "URL": "/api/v2/servers/1/files",
    "Remote_IP": "172.18.0.1",
    "Elapsed_Time": "6.07ms"
}
2024-01-03 23:52:45,366 - [Tornado] - [Access] - INFO - {
    "Status_Code": 200,
    "Method": "DELETE",
    "URL": "/api/v2/servers/1/files",
    "Remote_IP": "172.18.0.1",
    "Elapsed_Time": "5.25ms"
}
2024-01-03 23:52:47,183 - [Tornado] - [Access] - INFO - {
    "Status_Code": 200,
    "Method": "GET",
    "URL": "/panel/server_detail?id=1&subpage=term",
    "Remote_IP": "172.18.0.1",
    "Elapsed_Time": "54.15ms"
}
2024-01-03 23:52:47,817 - [Tornado] - [Access] - INFO - {
    "Status_Code": 304,
    "Method": "GET",
    "URL": "/api/v2/crafty/announcements/",
    "Remote_IP": "172.18.0.1",
    "Elapsed_Time": "454.20ms"
}
2024-01-03 23:52:47,828 - [Tornado] - [Access] - INFO - {
    "Status_Code": 304,
    "Method": "GET",
    "URL": "/api/v2/servers/1",
    "Remote_IP": "172.18.0.1",
    "Elapsed_Time": "2.76ms"
}
2024-01-03 23:52:47,838 - [Tornado] - [Access] - INFO - {
    "Status_Code": 200,
    "Method": "GET",
    "URL": "/api/v2/servers/1/logs?colors=true",
    "Remote_IP": "172.18.0.1",
    "Elapsed_Time": "11.81ms"
}
2024-01-03 23:52:47,839 - [Tornado] - [Access] - INFO - {
    "Status_Code": 101,
    "Method": "GET",
    "URL": "/ws?page=%2Fpanel%2Fserver_detail&page_query_params=%3Fid%3D1%26subpage%3Dterm",
    "Remote_IP": "172.18.0.1",
    "Elapsed_Time": "0.33ms"
}
2024-01-03 23:52:49,406 - [Tornado] - [Access] - INFO - {
    "Status_Code": 304,
    "Method": "GET",
    "URL": "/static/assets/js/shared/service-worker.js",
    "Remote_IP": "172.18.0.1",
    "Elapsed_Time": "0.61ms"
}
2024-01-03 23:52:49,766 - [Tornado] - [Access] - INFO - {
    "Status_Code": 200,
    "Method": "POST",
    "URL": "/api/v2/servers/1/action/start_server",
    "Remote_IP": "172.18.0.1",
    "Elapsed_Time": "23.24ms"
}
2024-01-03 23:52:50,450 - [Tornado] - [Access] - INFO - {
    "Status_Code": 200,
    "Method": "GET",
    "URL": "/panel/server_detail?id=1&subpage=term",
    "Remote_IP": "172.18.0.1",
    "Elapsed_Time": "45.74ms"
}
2024-01-03 23:52:51,263 - [Tornado] - [Access] - INFO - {
    "Status_Code": 304,
    "Method": "GET",
    "URL": "/api/v2/crafty/announcements/",
    "Remote_IP": "172.18.0.1",
    "Elapsed_Time": "627.89ms"
}
2024-01-03 23:52:51,275 - [Tornado] - [Access] - INFO - {
    "Status_Code": 304,
    "Method": "GET",
    "URL": "/api/v2/servers/1",
    "Remote_IP": "172.18.0.1",
    "Elapsed_Time": "9.34ms"
}
2024-01-03 23:52:51,275 - [Tornado] - [Access] - INFO - {
    "Status_Code": 101,
    "Method": "GET",
    "URL": "/ws?page=%2Fpanel%2Fserver_detail&page_query_params=%3Fid%3D1%26subpage%3Dterm",
    "Remote_IP": "172.18.0.1",
    "Elapsed_Time": "0.43ms"
}
2024-01-03 23:52:51,853 - [Tornado] - [Access] - INFO - {
    "Status_Code": 200,
    "Method": "GET",
    "URL": "/api/v2/servers/1/logs?colors=true",
    "Remote_IP": "172.18.0.1",
    "Elapsed_Time": "10.59ms"
}
2024-01-03 23:52:53,417 - [Tornado] - [Access] - INFO - {
    "Status_Code": 304,
    "Method": "GET",
    "URL": "/static/assets/js/shared/service-worker.js",
    "Remote_IP": "172.18.0.1",
    "Elapsed_Time": "0.90ms"
}
2024-01-03 23:54:05,874 - [Tornado] - [Access] - INFO - {
    "Status_Code": 101,
    "Method": "GET",
    "URL": "/ws?page=%2Fpanel%2Fserver_detail&page_query_params=%3Fid%3D1%26subpage%3Dterm",
    "Remote_IP": "172.18.0.1",
    "Elapsed_Time": "0.55ms"
}
2024-01-03 23:54:39,688 - [Tornado] - [Access] - INFO - {
    "Status_Code": 101,
    "Method": "GET",
    "URL": "/ws?page=%2Fpanel%2Fserver_detail&page_query_params=%3Fid%3D1%26subpage%3Dterm",
    "Remote_IP": "172.18.0.1",
    "Elapsed_Time": "0.51ms"
}
2024-01-03 23:54:42,941 - [Tornado] - [Access] - INFO - {
    "Status_Code": 200,
    "Method": "GET",
    "URL": "/panel/server_detail?id=1&subpage=term",
    "Remote_IP": "172.18.0.1",
    "Elapsed_Time": "59.62ms"
}
2024-01-03 23:54:43,684 - [Tornado] - [Access] - INFO - {
    "Status_Code": 304,
    "Method": "GET",
    "URL": "/api/v2/crafty/announcements/",
    "Remote_IP": "172.18.0.1",
    "Elapsed_Time": "544.85ms"
}
2024-01-03 23:54:43,714 - [Tornado] - [Access] - INFO - {
    "Status_Code": 200,
    "Method": "GET",
    "URL": "/api/v2/servers/1/logs?colors=true",
    "Remote_IP": "172.18.0.1",
    "Elapsed_Time": "11.04ms"
}
2024-01-03 23:54:43,717 - [Tornado] - [Access] - INFO - {
    "Status_Code": 304,
    "Method": "GET",
    "URL": "/api/v2/servers/1",
    "Remote_IP": "172.18.0.1",
    "Elapsed_Time": "2.48ms"
}
2024-01-03 23:54:43,785 - [Tornado] - [Access] - INFO - {
    "Status_Code": 101,
    "Method": "GET",
    "URL": "/ws?page=%2Fpanel%2Fserver_detail&page_query_params=%3Fid%3D1%26subpage%3Dterm",
    "Remote_IP": "172.18.0.1",
    "Elapsed_Time": "0.49ms"
}
2024-01-03 23:54:45,307 - [Tornado] - [Access] - INFO - {
    "Status_Code": 304,
    "Method": "GET",
    "URL": "/static/assets/js/shared/service-worker.js",
    "Remote_IP": "172.18.0.1",
    "Elapsed_Time": "0.77ms"
}
2024-01-03 23:58:21,595 - [Tornado] - [Access] - INFO - {
    "Status_Code": 101,
    "Method": "GET",
    "URL": "/ws?page=%2Fpanel%2Fserver_detail&page_query_params=%3Fid%3D1%26subpage%3Dterm",
    "Remote_IP": "172.18.0.1",
    "Elapsed_Time": "0.56ms"
}
2024-01-03 23:58:23,996 - [Tornado] - [Access] - INFO - {
    "Status_Code": 200,
    "Method": "GET",
    "URL": "/panel/server_detail?id=1&subpage=term",
    "Remote_IP": "172.18.0.1",
    "Elapsed_Time": "56.71ms"
}
2024-01-03 23:58:24,364 - [Tornado] - [Access] - INFO - {
    "Status_Code": 304,
    "Method": "GET",
    "URL": "/api/v2/servers/1",
    "Remote_IP": "172.18.0.1",
    "Elapsed_Time": "4.69ms"
}
2024-01-03 23:58:24,446 - [Tornado] - [Access] - INFO - {
    "Status_Code": 200,
    "Method": "GET",
    "URL": "/api/v2/servers/1/logs?colors=true",
    "Remote_IP": "172.18.0.1",
    "Elapsed_Time": "16.66ms"
}
2024-01-03 23:58:25,168 - [Tornado] - [Access] - INFO - {
    "Status_Code": 304,
    "Method": "GET",
    "URL": "/api/v2/crafty/announcements/",
    "Remote_IP": "172.18.0.1",
    "Elapsed_Time": "721.18ms"
}
2024-01-03 23:58:26,495 - [Tornado] - [Access] - INFO - {
    "Status_Code": 304,
    "Method": "GET",
    "URL": "/static/assets/js/shared/service-worker.js",
    "Remote_IP": "172.18.0.1",
    "Elapsed_Time": "0.78ms"
}
2024-01-03 23:58:32,826 - [Tornado] - [Access] - INFO - {
    "Status_Code": 200,
    "Method": "GET",
    "URL": "/panel/server_detail?id=1&subpage=files",
    "Remote_IP": "172.18.0.1",
    "Elapsed_Time": "54.55ms"
}
2024-01-03 23:58:33,043 - [Tornado] - [Access] - INFO - {
    "Status_Code": 200,
    "Method": "POST",
    "URL": "/api/v2/servers/1/files",
    "Remote_IP": "172.18.0.1",
    "Elapsed_Time": "28.62ms"
}
2024-01-03 23:58:33,829 - [Tornado] - [Access] - INFO - {
    "Status_Code": 304,
    "Method": "GET",
    "URL": "/api/v2/crafty/announcements/",
    "Remote_IP": "172.18.0.1",
    "Elapsed_Time": "785.66ms"
}
2024-01-03 23:58:33,832 - [Tornado] - [Access] - INFO - {
    "Status_Code": 304,
    "Method": "GET",
    "URL": "/api/v2/servers/1",
    "Remote_IP": "172.18.0.1",
    "Elapsed_Time": "788.31ms"
}
2024-01-03 23:58:33,844 - [Tornado] - [Access] - INFO - {
    "Status_Code": 101,
    "Method": "GET",
    "URL": "/ws?page=%2Fpanel%2Fserver_detail&page_query_params=%3Fid%3D1%26subpage%3Dfiles",
    "Remote_IP": "172.18.0.1",
    "Elapsed_Time": "9.28ms"
}
2024-01-03 23:58:34,344 - [Tornado] - [Access] - INFO - {
    "Status_Code": 200,
    "Method": "POST",
    "URL": "/api/v2/servers/1/files",
    "Remote_IP": "172.18.0.1",
    "Elapsed_Time": "31.88ms"
}
2024-01-03 23:58:34,658 - [Tornado] - [Access] - INFO - {
    "Status_Code": 304,
    "Method": "GET",
    "URL": "/static/assets/js/shared/service-worker.js",
    "Remote_IP": "172.18.0.1",
    "Elapsed_Time": "0.61ms"
}
2024-01-03 23:58:41,416 - [Tornado] - [Access] - INFO - {
    "Status_Code": 200,
    "Method": "DELETE",
    "URL": "/api/v2/servers/1/files",
    "Remote_IP": "172.18.0.1",
    "Elapsed_Time": "6.02ms"
}
2024-01-03 23:58:43,159 - [Tornado] - [Access] - INFO - {
    "Status_Code": 304,
    "Method": "GET",
    "URL": "/panel/server_detail?id=1&subpage=term",
    "Remote_IP": "172.18.0.1",
    "Elapsed_Time": "48.37ms"
}
2024-01-03 23:58:43,262 - [Tornado] - [Access] - INFO - {
    "Status_Code": 304,
    "Method": "GET",
    "URL": "/api/v2/servers/1",
    "Remote_IP": "172.18.0.1",
    "Elapsed_Time": "4.55ms"
}
2024-01-03 23:58:43,283 - [Tornado] - [Access] - INFO - {
    "Status_Code": 304,
    "Method": "GET",
    "URL": "/api/v2/servers/1/logs?colors=true",
    "Remote_IP": "172.18.0.1",
    "Elapsed_Time": "17.45ms"
}
2024-01-03 23:58:43,349 - [Tornado] - [Access] - INFO - {
    "Status_Code": 101,
    "Method": "GET",
    "URL": "/ws?page=%2Fpanel%2Fserver_detail&page_query_params=%3Fid%3D1%26subpage%3Dterm",
    "Remote_IP": "172.18.0.1",
    "Elapsed_Time": "0.69ms"
}
2024-01-03 23:58:43,868 - [Tornado] - [Access] - INFO - {
    "Status_Code": 304,
    "Method": "GET",
    "URL": "/api/v2/crafty/announcements/",
    "Remote_IP": "172.18.0.1",
    "Elapsed_Time": "471.53ms"
}
2024-01-03 23:58:44,868 - [Tornado] - [Access] - INFO - {
    "Status_Code": 304,
    "Method": "GET",
    "URL": "/static/assets/js/shared/service-worker.js",
    "Remote_IP": "172.18.0.1",
    "Elapsed_Time": "0.74ms"
}
2024-01-03 23:58:44,929 - [Tornado] - [Access] - INFO - {
    "Status_Code": 200,
    "Method": "POST",
    "URL": "/api/v2/servers/1/action/stop_server",
    "Remote_IP": "172.18.0.1",
    "Elapsed_Time": "22.91ms"
}
2024-01-03 23:58:52,140 - [Tornado] - [Access] - INFO - {
    "Status_Code": 200,
    "Method": "GET",
    "URL": "/panel/server_detail?id=1&subpage=term",
    "Remote_IP": "172.18.0.1",
    "Elapsed_Time": "43.69ms"
}
2024-01-03 23:58:52,826 - [Tornado] - [Access] - INFO - {
    "Status_Code": 304,
    "Method": "GET",
    "URL": "/api/v2/crafty/announcements/",
    "Remote_IP": "172.18.0.1",
    "Elapsed_Time": "518.14ms"
}
2024-01-03 23:58:52,829 - [Tornado] - [Access] - INFO - {
    "Status_Code": 304,
    "Method": "GET",
    "URL": "/api/v2/servers/1",
    "Remote_IP": "172.18.0.1",
    "Elapsed_Time": "2.65ms"
}
2024-01-03 23:58:52,846 - [Tornado] - [Access] - INFO - {
    "Status_Code": 101,
    "Method": "GET",
    "URL": "/ws?page=%2Fpanel%2Fserver_detail&page_query_params=%3Fid%3D1%26subpage%3Dterm",
    "Remote_IP": "172.18.0.1",
    "Elapsed_Time": "12.54ms"
}
2024-01-03 23:58:52,857 - [Tornado] - [Access] - INFO - {
    "Status_Code": 200,
    "Method": "GET",
    "URL": "/api/v2/servers/1/logs?colors=true",
    "Remote_IP": "172.18.0.1",
    "Elapsed_Time": "9.22ms"
}
2024-01-03 23:58:53,505 - [Tornado] - [Access] - INFO - {
    "Status_Code": 200,
    "Method": "GET",
    "URL": "/panel/server_detail?id=1&subpage=term",
    "Remote_IP": "172.18.0.1",
    "Elapsed_Time": "42.31ms"
}
2024-01-03 23:58:53,667 - [Tornado] - [Access] - INFO - {
    "Status_Code": 304,
    "Method": "GET",
    "URL": "/api/v2/servers/1",
    "Remote_IP": "172.18.0.1",
    "Elapsed_Time": "2.88ms"
}
2024-01-03 23:58:54,612 - [Tornado] - [Access] - INFO - {
    "Status_Code": 304,
    "Method": "GET",
    "URL": "/api/v2/crafty/announcements/",
    "Remote_IP": "172.18.0.1",
    "Elapsed_Time": "948.01ms"
}
2024-01-03 23:58:54,621 - [Tornado] - [Access] - INFO - {
    "Status_Code": 101,
    "Method": "GET",
    "URL": "/ws?page=%2Fpanel%2Fserver_detail&page_query_params=%3Fid%3D1%26subpage%3Dterm",
    "Remote_IP": "172.18.0.1",
    "Elapsed_Time": "0.47ms"
}
2024-01-03 23:58:54,638 - [Tornado] - [Access] - INFO - {
    "Status_Code": 304,
    "Method": "GET",
    "URL": "/api/v2/servers/1/logs?colors=true",
    "Remote_IP": "172.18.0.1",
    "Elapsed_Time": "8.98ms"
}
2024-01-03 23:58:54,879 - [Tornado] - [Access] - INFO - {
    "Status_Code": 200,
    "Method": "GET",
    "URL": "/panel/server_detail?id=1&subpage=logs",
    "Remote_IP": "172.18.0.1",
    "Elapsed_Time": "42.41ms"
}
2024-01-03 23:58:55,032 - [Tornado] - [Access] - INFO - {
    "Status_Code": 304,
    "Method": "GET",
    "URL": "/api/v2/servers/1",
    "Remote_IP": "172.18.0.1",
    "Elapsed_Time": "2.83ms"
}
2024-01-03 23:58:55,778 - [Tornado] - [Access] - INFO - {
    "Status_Code": 304,
    "Method": "GET",
    "URL": "/api/v2/crafty/announcements/",
    "Remote_IP": "172.18.0.1",
    "Elapsed_Time": "745.77ms"
}
2024-01-03 23:58:55,798 - [Tornado] - [Access] - INFO - {
    "Status_Code": 304,
    "Method": "GET",
    "URL": "/api/v2/servers/1/logs?colors=true",
    "Remote_IP": "172.18.0.1",
    "Elapsed_Time": "9.80ms"
}
2024-01-03 23:58:55,799 - [Tornado] - [Access] - INFO - {
    "Status_Code": 304,
    "Method": "GET",
    "URL": "/static/assets/js/shared/service-worker.js",
    "Remote_IP": "172.18.0.1",
    "Elapsed_Time": "10.15ms"
}
2024-01-03 23:58:55,842 - [Tornado] - [Access] - INFO - {
    "Status_Code": 200,
    "Method": "GET",
    "URL": "/panel/server_detail?id=1&subpage=term",
    "Remote_IP": "172.18.0.1",
    "Elapsed_Time": "52.75ms"
}
2024-01-03 23:58:55,843 - [Tornado] - [Access] - INFO - {
    "Status_Code": 101,
    "Method": "GET",
    "URL": "/ws?page=%2Fpanel%2Fserver_detail&page_query_params=%3Fid%3D1%26subpage%3Dlogs",
    "Remote_IP": "172.18.0.1",
    "Elapsed_Time": "1.01ms"
}
2024-01-03 23:58:56,013 - [Tornado] - [Access] - INFO - {
    "Status_Code": 304,
    "Method": "GET",
    "URL": "/api/v2/servers/1/logs?colors=true",
    "Remote_IP": "172.18.0.1",
    "Elapsed_Time": "13.01ms"
}
2024-01-03 23:58:56,084 - [Tornado] - [Access] - INFO - {
    "Status_Code": 101,
    "Method": "GET",
    "URL": "/ws?page=%2Fpanel%2Fserver_detail&page_query_params=%3Fid%3D1%26subpage%3Dterm",
    "Remote_IP": "172.18.0.1",
    "Elapsed_Time": "0.53ms"
}
2024-01-03 23:58:56,163 - [Tornado] - [Access] - INFO - {
    "Status_Code": 304,
    "Method": "GET",
    "URL": "/api/v2/servers/1",
    "Remote_IP": "172.18.0.1",
    "Elapsed_Time": "4.35ms"
}
2024-01-03 23:58:56,972 - [Tornado] - [Access] - INFO - {
    "Status_Code": 304,
    "Method": "GET",
    "URL": "/api/v2/crafty/announcements/",
    "Remote_IP": "172.18.0.1",
    "Elapsed_Time": "793.37ms"
}
2024-01-03 23:58:57,207 - [Tornado] - [Access] - INFO - {
    "Status_Code": 200,
    "Method": "POST",
    "URL": "/api/v2/servers/1/action/start_server",
    "Remote_IP": "172.18.0.1",
    "Elapsed_Time": "21.91ms"
}
2024-01-03 23:58:57,629 - [Tornado] - [Access] - INFO - {
    "Status_Code": 304,
    "Method": "GET",
    "URL": "/static/assets/js/shared/service-worker.js",
    "Remote_IP": "172.18.0.1",
    "Elapsed_Time": "0.62ms"
}
2024-01-03 23:58:58,756 - [Tornado] - [Access] - INFO - {
    "Status_Code": 200,
    "Method": "GET",
    "URL": "/panel/server_detail?id=1&subpage=term",
    "Remote_IP": "172.18.0.1",
    "Elapsed_Time": "46.08ms"
}
2024-01-03 23:58:58,909 - [Tornado] - [Access] - INFO - {
    "Status_Code": 304,
    "Method": "GET",
    "URL": "/api/v2/servers/1",
    "Remote_IP": "172.18.0.1",
    "Elapsed_Time": "5.04ms"
}
2024-01-03 23:58:59,509 - [Tornado] - [Access] - INFO - {
    "Status_Code": 304,
    "Method": "GET",
    "URL": "/api/v2/crafty/announcements/",
    "Remote_IP": "172.18.0.1",
    "Elapsed_Time": "604.79ms"
}
2024-01-03 23:58:59,523 - [Tornado] - [Access] - INFO - {
    "Status_Code": 101,
    "Method": "GET",
    "URL": "/ws?page=%2Fpanel%2Fserver_detail&page_query_params=%3Fid%3D1%26subpage%3Dterm",
    "Remote_IP": "172.18.0.1",
    "Elapsed_Time": "0.57ms"
}
2024-01-03 23:58:59,535 - [Tornado] - [Access] - INFO - {
    "Status_Code": 200,
    "Method": "GET",
    "URL": "/api/v2/servers/1/logs?colors=true",
    "Remote_IP": "172.18.0.1",
    "Elapsed_Time": "5.50ms"
}
2024-01-03 23:59:00,600 - [Tornado] - [Access] - INFO - {
    "Status_Code": 304,
    "Method": "GET",
    "URL": "/static/assets/js/shared/service-worker.js",
    "Remote_IP": "172.18.0.1",
    "Elapsed_Time": "1.65ms"
}
2024-01-04 00:01:53,272 - [Tornado] - [Access] - INFO - {
    "Status_Code": 101,
    "Method": "GET",
    "URL": "/ws?page=%2Fpanel%2Fserver_detail&page_query_params=%3Fid%3D1%26subpage%3Dterm",
    "Remote_IP": "172.18.0.1",
    "Elapsed_Time": "0.53ms"
}
2024-01-04 00:01:53,761 - [Tornado] - [Access] - INFO - {
    "Status_Code": 200,
    "Method": "POST",
    "URL": "/api/v2/servers/1/action/stop_server",
    "Remote_IP": "172.18.0.1",
    "Elapsed_Time": "20.79ms"
}
2024-01-04 00:02:04,652 - [Tornado] - [Access] - INFO - {
    "Status_Code": 200,
    "Method": "GET",
    "URL": "/panel/server_detail?id=1&subpage=term",
    "Remote_IP": "172.18.0.1",
    "Elapsed_Time": "43.11ms"
}
2024-01-04 00:02:04,985 - [Tornado] - [Access] - INFO - {
    "Status_Code": 304,
    "Method": "GET",
    "URL": "/api/v2/servers/1",
    "Remote_IP": "172.18.0.1",
    "Elapsed_Time": "3.93ms"
}
2024-01-04 00:02:05,015 - [Tornado] - [Access] - INFO - {
    "Status_Code": 200,
    "Method": "GET",
    "URL": "/api/v2/servers/1/logs?colors=true",
    "Remote_IP": "172.18.0.1",
    "Elapsed_Time": "12.17ms"
}
2024-01-04 00:02:05,990 - [Tornado] - [Access] - INFO - {
    "Status_Code": 304,
    "Method": "GET",
    "URL": "/api/v2/crafty/announcements/",
    "Remote_IP": "172.18.0.1",
    "Elapsed_Time": "875.39ms"
}
2024-01-04 00:02:06,006 - [Tornado] - [Access] - INFO - {
    "Status_Code": 101,
    "Method": "GET",
    "URL": "/ws?page=%2Fpanel%2Fserver_detail&page_query_params=%3Fid%3D1%26subpage%3Dterm",
    "Remote_IP": "172.18.0.1",
    "Elapsed_Time": "0.47ms"
}
2024-01-04 00:02:07,323 - [Tornado] - [Access] - INFO - {
    "Status_Code": 304,
    "Method": "GET",
    "URL": "/static/assets/js/shared/service-worker.js",
    "Remote_IP": "172.18.0.1",
    "Elapsed_Time": "0.63ms"
}
2024-01-04 00:03:51,606 - [Tornado] - [Access] - INFO - {
    "Status_Code": 200,
    "Method": "POST",
    "URL": "/api/v2/servers/1/action/start_server",
    "Remote_IP": "172.18.0.1",
    "Elapsed_Time": "18.54ms"
}
2024-01-04 00:03:51,939 - [Tornado] - [Access] - INFO - {
    "Status_Code": 101,
    "Method": "GET",
    "URL": "/ws?page=%2Fpanel%2Fserver_detail&page_query_params=%3Fid%3D1%26subpage%3Dterm",
    "Remote_IP": "172.18.0.1",
    "Elapsed_Time": "0.53ms"
}
2024-01-04 00:03:53,201 - [Tornado] - [Access] - INFO - {
    "Status_Code": 200,
    "Method": "GET",
    "URL": "/panel/server_detail?id=1&subpage=term",
    "Remote_IP": "172.18.0.1",
    "Elapsed_Time": "67.54ms"
}
2024-01-04 00:03:54,287 - [Tornado] - [Access] - INFO - {
    "Status_Code": 304,
    "Method": "GET",
    "URL": "/api/v2/crafty/announcements/",
    "Remote_IP": "172.18.0.1",
    "Elapsed_Time": "761.24ms"
}
2024-01-04 00:03:54,303 - [Tornado] - [Access] - INFO - {
    "Status_Code": 304,
    "Method": "GET",
    "URL": "/api/v2/servers/1",
    "Remote_IP": "172.18.0.1",
    "Elapsed_Time": "15.36ms"
}
2024-01-04 00:03:54,326 - [Tornado] - [Access] - INFO - {
    "Status_Code": 200,
    "Method": "GET",
    "URL": "/api/v2/servers/1/logs?colors=true",
    "Remote_IP": "172.18.0.1",
    "Elapsed_Time": "12.01ms"
}
2024-01-04 00:03:54,328 - [Tornado] - [Access] - INFO - {
    "Status_Code": 101,
    "Method": "GET",
    "URL": "/ws?page=%2Fpanel%2Fserver_detail&page_query_params=%3Fid%3D1%26subpage%3Dterm",
    "Remote_IP": "172.18.0.1",
    "Elapsed_Time": "0.47ms"
}
2024-01-04 00:03:56,165 - [Tornado] - [Access] - INFO - {
    "Status_Code": 304,
    "Method": "GET",
    "URL": "/static/assets/js/shared/service-worker.js",
    "Remote_IP": "172.18.0.1",
    "Elapsed_Time": "0.87ms"
}
2024-01-04 00:07:33,460 - [Tornado] - [Access] - INFO - {
    "Status_Code": 200,
    "Method": "POST",
    "URL": "/api/v2/servers/1/stdin",
    "Remote_IP": "172.18.0.1",
    "Elapsed_Time": "23.73ms"
}
2024-01-04 00:15:53,033 - [Tornado] - [Access] - INFO - {
    "Status_Code": 101,
    "Method": "GET",
    "URL": "/ws?page=%2Fpanel%2Fserver_detail&page_query_params=%3Fid%3D1%26subpage%3Dterm",
    "Remote_IP": "172.18.0.1",
    "Elapsed_Time": "0.66ms"
}
2024-01-04 00:17:52,778 - [Tornado] - [Access] - INFO - {
    "Status_Code": 101,
    "Method": "GET",
    "URL": "/ws?page=%2Fpanel%2Fserver_detail&page_query_params=%3Fid%3D1%26subpage%3Dterm",
    "Remote_IP": "172.18.0.1",
    "Elapsed_Time": "0.59ms"
}
2024-01-04 00:31:01,447 - [Tornado] - [Access] - INFO - {
    "Status_Code": 101,
    "Method": "GET",
    "URL": "/ws?page=%2Fpanel%2Fserver_detail&page_query_params=%3Fid%3D1%26subpage%3Dterm",
    "Remote_IP": "172.18.0.1",
    "Elapsed_Time": "0.63ms"
}
2024-01-04 00:33:56,491 - [Tornado] - [Access] - INFO - {
    "Status_Code": 304,
    "Method": "GET",
    "URL": "/api/v2/crafty/announcements/",
    "Remote_IP": "172.18.0.1",
    "Elapsed_Time": "638.67ms"
}
2024-01-04 00:46:16,341 - [Tornado] - [Access] - INFO - {
    "Status_Code": 302,
    "Method": "GET",
    "URL": "/",
    "Remote_IP": "172.18.0.1",
    "Elapsed_Time": "0.42ms"
}
2024-01-04 00:46:16,626 - [Tornado] - [Access] - INFO - {
    "Status_Code": 200,
    "Method": "GET",
    "URL": "/panel/dashboard",
    "Remote_IP": "172.18.0.1",
    "Elapsed_Time": "65.02ms"
}
2024-01-04 00:46:17,508 - [Tornado] - [Access] - INFO - {
    "Status_Code": 200,
    "Method": "GET",
    "URL": "/api/v2/crafty/announcements/",
    "Remote_IP": "172.18.0.1",
    "Elapsed_Time": "564.87ms"
}
2024-01-04 00:46:17,527 - [Tornado] - [Access] - INFO - {
    "Status_Code": 101,
    "Method": "GET",
    "URL": "/ws?page=%2Fpanel%2Fdashboard&page_query_params=",
    "Remote_IP": "172.18.0.1",
    "Elapsed_Time": "0.82ms"
}
2024-01-04 00:46:17,544 - [Tornado] - [Access] - INFO - {
    "Status_Code": 200,
    "Method": "GET",
    "URL": "/static/assets/js/shared/service-worker.js",
    "Remote_IP": "172.18.0.1",
    "Elapsed_Time": "9.36ms"
}
2024-01-04 00:46:18,733 - [Tornado] - [Access] - INFO - {
    "Status_Code": 304,
    "Method": "GET",
    "URL": "/static/assets/js/shared/service-worker.js",
    "Remote_IP": "172.18.0.1",
    "Elapsed_Time": "0.53ms"
}
2024-01-04 00:46:19,167 - [Tornado] - [Access] - INFO - {
    "Status_Code": 200,
    "Method": "GET",
    "URL": "/panel/server_detail?id=1",
    "Remote_IP": "172.18.0.1",
    "Elapsed_Time": "47.53ms"
}
2024-01-04 00:46:19,879 - [Tornado] - [Access] - INFO - {
    "Status_Code": 304,
    "Method": "GET",
    "URL": "/api/v2/crafty/announcements/",
    "Remote_IP": "172.18.0.1",
    "Elapsed_Time": "546.88ms"
}
2024-01-04 00:46:19,882 - [Tornado] - [Access] - INFO - {
    "Status_Code": 304,
    "Method": "GET",
    "URL": "/api/v2/servers/1",
    "Remote_IP": "172.18.0.1",
    "Elapsed_Time": "2.53ms"
}
2024-01-04 00:46:19,894 - [Tornado] - [Access] - INFO - {
    "Status_Code": 200,
    "Method": "GET",
    "URL": "/api/v2/servers/1/logs?colors=true",
    "Remote_IP": "172.18.0.1",
    "Elapsed_Time": "3.44ms"
}
2024-01-04 00:46:19,898 - [Tornado] - [Access] - INFO - {
    "Status_Code": 101,
    "Method": "GET",
    "URL": "/ws?page=%2Fpanel%2Fserver_detail&page_query_params=%3Fid%3D1",
    "Remote_IP": "172.18.0.1",
    "Elapsed_Time": "0.35ms"
}
2024-01-04 00:46:21,300 - [Tornado] - [Access] - INFO - {
    "Status_Code": 200,
    "Method": "POST",
    "URL": "/api/v2/servers/1/action/start_server",
    "Remote_IP": "172.18.0.1",
    "Elapsed_Time": "18.67ms"
}
2024-01-04 00:46:21,453 - [Tornado] - [Access] - INFO - {
    "Status_Code": 304,
    "Method": "GET",
    "URL": "/static/assets/js/shared/service-worker.js",
    "Remote_IP": "172.18.0.1",
    "Elapsed_Time": "2.59ms"
}
2024-01-04 00:46:22,170 - [Tornado] - [Access] - INFO - {
    "Status_Code": 200,
    "Method": "GET",
    "URL": "/panel/server_detail?id=1",
    "Remote_IP": "172.18.0.1",
    "Elapsed_Time": "64.22ms"
}
2024-01-04 00:46:23,041 - [Tornado] - [Access] - INFO - {
    "Status_Code": 304,
    "Method": "GET",
    "URL": "/api/v2/crafty/announcements/",
    "Remote_IP": "172.18.0.1",
    "Elapsed_Time": "701.47ms"
}
2024-01-04 00:46:23,077 - [Tornado] - [Access] - INFO - {
    "Status_Code": 200,
    "Method": "GET",
    "URL": "/api/v2/servers/1/logs?colors=true",
    "Remote_IP": "172.18.0.1",
    "Elapsed_Time": "5.66ms"
}
2024-01-04 00:46:23,078 - [Tornado] - [Access] - INFO - {
    "Status_Code": 101,
    "Method": "GET",
    "URL": "/ws?page=%2Fpanel%2Fserver_detail&page_query_params=%3Fid%3D1",
    "Remote_IP": "172.18.0.1",
    "Elapsed_Time": "0.51ms"
}
2024-01-04 00:46:23,084 - [Tornado] - [Access] - INFO - {
    "Status_Code": 304,
    "Method": "GET",
    "URL": "/api/v2/servers/1",
    "Remote_IP": "172.18.0.1",
    "Elapsed_Time": "3.73ms"
}
2024-01-04 00:46:24,750 - [Tornado] - [Access] - INFO - {
    "Status_Code": 304,
    "Method": "GET",
    "URL": "/static/assets/js/shared/service-worker.js",
    "Remote_IP": "172.18.0.1",
    "Elapsed_Time": "1.74ms"
}
2024-01-04 00:47:41,030 - [Tornado] - [Access] - INFO - {
    "Status_Code": 101,
    "Method": "GET",
    "URL": "/ws?page=%2Fpanel%2Fserver_detail&page_query_params=%3Fid%3D1",
    "Remote_IP": "172.18.0.1",
    "Elapsed_Time": "0.69ms"
}
2024-01-04 00:59:22,080 - [Tornado] - [Access] - INFO - {
    "Status_Code": 101,
    "Method": "GET",
    "URL": "/ws?page=%2Fpanel%2Fserver_detail&page_query_params=%3Fid%3D1",
    "Remote_IP": "172.18.0.1",
    "Elapsed_Time": "0.53ms"
}
2024-01-04 00:59:37,224 - [Tornado] - [Access] - INFO - {
    "Status_Code": 101,
    "Method": "GET",
    "URL": "/ws?page=%2Fpanel%2Fserver_detail&page_query_params=%3Fid%3D1",
    "Remote_IP": "172.18.0.1",
    "Elapsed_Time": "0.52ms"
}
2024-01-04 01:00:28,052 - [Tornado] - [Access] - INFO - {
    "Status_Code": 101,
    "Method": "GET",
    "URL": "/ws?page=%2Fpanel%2Fserver_detail&page_query_params=%3Fid%3D1",
    "Remote_IP": "172.18.0.1",
    "Elapsed_Time": "0.55ms"
}
2024-01-04 01:02:01,630 - [Tornado] - [Access] - INFO - {
    "Status_Code": 101,
    "Method": "GET",
    "URL": "/ws?page=%2Fpanel%2Fserver_detail&page_query_params=%3Fid%3D1",
    "Remote_IP": "172.18.0.1",
    "Elapsed_Time": "0.55ms"
}
2024-01-04 01:09:00,793 - [Tornado] - [Access] - INFO - {
    "Status_Code": 101,
    "Method": "GET",
    "URL": "/ws?page=%2Fpanel%2Fserver_detail&page_query_params=%3Fid%3D1",
    "Remote_IP": "172.18.0.1",
    "Elapsed_Time": "0.49ms"
}
