[00:46:50][FINE/CustomNPCs][noppes.npcs.controllers.ScriptController:101] Thu Jan 04 00:46:50 UTC 2024
[00:46:50][FINE/CustomNPCs][noppes.npcs.CustomNpcs:246] Script Engines Available:
[00:46:50][FINE/CustomNPCs][noppes.npcs.CustomNpcs:246] ECMAScript: .js
[00:46:50][SEVERE/CustomNPCs][noppes.npcs.CustomNpcs:249] java.lang.NoSuchFieldException: classes
	at java.base/java.lang.Class.getDeclaredField(Class.java:2610)
	at noppes.npcs.ScriptPlayerEventHandler.registerForgeEvents(ScriptPlayerEventHandler.java:311)
	at noppes.npcs.CustomNpcs.setup(CustomNpcs.java:249)
	at net.minecraftforge.eventbus.EventBus.doCastFilter(EventBus.java:248)
	at net.minecraftforge.eventbus.EventBus.lambda$addListener$11(EventBus.java:240)
	at net.minecraftforge.eventbus.EventBus.post(EventBus.java:304)
	at net.minecraftforge.eventbus.EventBus.post(EventBus.java:284)
	at net.minecraftforge.fml.javafmlmod.FMLModContainer.acceptEvent(FMLModContainer.java:106)
	at net.minecraftforge.fml.ModContainer.lambda$buildTransitionHandler$4(ModContainer.java:107)
	at java.base/java.util.concurrent.CompletableFuture$AsyncRun.run(CompletableFuture.java:1804)
	at java.base/java.util.concurrent.CompletableFuture$AsyncRun.exec(CompletableFuture.java:1796)
	at java.base/java.util.concurrent.ForkJoinTask.doExec(ForkJoinTask.java:373)
	at java.base/java.util.concurrent.ForkJoinPool$WorkQueue.topLevelExec(ForkJoinPool.java:1182)
	at java.base/java.util.concurrent.ForkJoinPool.scan(ForkJoinPool.java:1655)
	at java.base/java.util.concurrent.ForkJoinPool.runWorker(ForkJoinPool.java:1622)
	at java.base/java.util.concurrent.ForkJoinWorkerThread.run(ForkJoinWorkerThread.java:165)
[00:47:29][FINE/CustomNPCs][noppes.npcs.controllers.LinkedNpcController:28] Loading Linked Npcs
[00:47:29][FINE/CustomNPCs][noppes.npcs.controllers.LinkedNpcController:28] Done loading Linked Npcs
[00:47:40][FINE/CustomNPCs][noppes.npcs.CustomNpcs:295] Loading Dialogs
[00:47:40][FINE/CustomNPCs][noppes.npcs.CustomNpcs:295] Done loading Dialogs
